****** ****** Test Case Number --> 121.0******* *******
Starting ChromeDriver 2.36.540470 (e522d04694c7ebea4ba8821272dbef4f9b818c91) on port 37149
Only local connections are allowed.
CBT Method works
Admin Login done
** Payment button worked fine **
Edit link is working fine  
*Product Alert ok working fine*
*Product Home link pre-click *
*Product Home link fine*
Order element check box 1
Order element check box 2
Report are saved and closed
org.openqa.selenium.WebDriverException: unknown error: Element <a href="#" id="lnkFeatureName_2191876" title="..." class="productfeaturedAssetLink anchor_blue anchor_font line_height_30 product_name">Static Inventory</a> is not clickable at point (521, 616). Other element would receive the click: <div class="ui-widget-overlay ui-front"></div>
  (Session info: chrome=72.0.3626.119)
  (Driver info: chromedriver=2.36.540470 (e522d04694c7ebea4ba8821272dbef4f9b818c91),platform=Windows NT 10.0.16299 x86_64) (WARNING: The server did not provide any stacktrace information)
Command duration or timeout: 84 milliseconds
Build info: version: 'unknown', revision: '5234b32', time: '2017-03-10 09:00:17 -0800'
System info: host: 'RAMPRASAD-QA', ip: '192.168.1.79', os.name: 'Windows 10', os.arch: 'x86', os.version: '10.0', java.version: '1.8.0_161'
Driver info: org.openqa.selenium.chrome.ChromeDriver
Capabilities [{applicationCacheEnabled=false, rotatable=false, mobileEmulationEnabled=false, networkConnectionEnabled=false, chrome={chromedriverVersion=2.36.540470 (e522d04694c7ebea4ba8821272dbef4f9b818c91), userDataDir=C:\Users\Admin\AppData\Local\Temp\scoped_dir400_8051}, takesHeapSnapshot=true, pageLoadStrategy=normal, databaseEnabled=false, handlesAlerts=true, hasTouchScreen=false, version=72.0.3626.119, platform=XP, browserConnectionEnabled=false, nativeEvents=true, acceptSslCerts=false, acceptInsecureCerts=false, locationContextEnabled=true, webStorageEnabled=true, browserName=chrome, takesScreenshot=true, javascriptEnabled=true, cssSelectorsEnabled=true, setWindowRect=true, unexpectedAlertBehaviour=}]
Session ID: f569dd932cf3f4e0ffae491648a0262f
	at sun.reflect.NativeConstructorAccessorImpl.newInstance0(Native Method)
	at sun.reflect.NativeConstructorAccessorImpl.newInstance(NativeConstructorAccessorImpl.java:62)
	at sun.reflect.DelegatingConstructorAccessorImpl.newInstance(DelegatingConstructorAccessorImpl.java:45)
	at java.lang.reflect.Constructor.newInstance(Constructor.java:423)
	at org.openqa.selenium.remote.ErrorHandler.createThrowable(ErrorHandler.java:216)
	at org.openqa.selenium.remote.ErrorHandler.throwIfResponseFailed(ErrorHandler.java:168)
	at org.openqa.selenium.remote.RemoteWebDriver.execute(RemoteWebDriver.java:638)
	at org.openqa.selenium.remote.RemoteWebElement.execute(RemoteWebElement.java:274)
	at org.openqa.selenium.remote.RemoteWebElement.click(RemoteWebElement.java:84)
	at tec.AC40.Suite.OrderFlow.AccuPrice(OrderFlow.java:867)
	at sun.reflect.GeneratedMethodAccessor2.invoke(Unknown Source)
	at sun.reflect.DelegatingMethodAccessorImpl.invoke(DelegatingMethodAccessorImpl.java:43)
	at java.lang.reflect.Method.invoke(Method.java:498)
	at org.testng.internal.MethodInvocationHelper.invokeMethod(MethodInvocationHelper.java:84)
	at org.testng.internal.Invoker.invokeMethod(Invoker.java:714)
	at org.testng.internal.Invoker.invokeTestMethod(Invoker.java:901)
	at org.testng.internal.Invoker.invokeTestMethods(Invoker.java:1231)
	at org.testng.internal.TestMethodWorker.invokeTestMethods(TestMethodWorker.java:127)
	at org.testng.internal.TestMethodWorker.run(TestMethodWorker.java:111)
	at org.testng.TestRunner.privateRun(TestRunner.java:767)
	at org.testng.TestRunner.run(TestRunner.java:617)
	at org.testng.SuiteRunner.runTest(SuiteRunner.java:334)
	at org.testng.SuiteRunner.runSequentially(SuiteRunner.java:329)
	at org.testng.SuiteRunner.privateRun(SuiteRunner.java:291)
	at org.testng.SuiteRunner.run(SuiteRunner.java:240)
	at org.testng.SuiteRunnerWorker.runSuite(SuiteRunnerWorker.java:52)
	at org.testng.SuiteRunnerWorker.run(SuiteRunnerWorker.java:86)
	at org.testng.TestNG.runSuitesSequentially(TestNG.java:1224)
	at org.testng.TestNG.runSuitesLocally(TestNG.java:1149)
	at org.testng.TestNG.run(TestNG.java:1057)
	at org.testng.TestNG.privateMain(TestNG.java:1364)
	at org.testng.TestNG.main(TestNG.java:1333)
Time Stamp : _2019-Mar-06_10-16-26_PM
 Don't kill browser
****** ****** Test Case Number --> 122.0******* *******
Starting ChromeDriver 2.36.540470 (e522d04694c7ebea4ba8821272dbef4f9b818c91) on port 5671
Only local connections are allowed.
CBT Method works
Admin Login done
** Payment button worked fine **
Edit link is working fine  
*Product Alert ok working fine*
*Product Home link pre-click *
*Product Home link fine*
Order element check box 1
Order element check box 2
6 SelectListActualShipping2 :$2.896
Both addon prices are same
OrderFlow.IsBaseDiscountZero :false
BasePriceIncrementValue :0
Quantity11234____11
ActualDiscount-( $1.560 )
ExpectedDiscount-( $1.560 )
ActualDiscount0908hh-( $1.560 )
gc
mp
billing1Billed to :
Address 1
38345 W.10 Mile Road
City
Formington Hills
State
Texas
Country
USA
Zip
78732
Show more details
BillingAddress & BillingAddress
billing138345 W.10 Mile Road
suite 115
Formington Hills, Texas - 78732
billing1Billing Information
Address 1
38345 W.10 Mile Road
Address 2
suite 115
City
Formington Hills
State
Texas
Country
USA
Zip
78732
OrderNumber : 7179
 VO Popup Sub total price is -->$18.469
Entered into PS View orders Pop-Up
 Actual View order popup quantiy -->  11
Int Actual Qunaity -->11
**ActualQuantity**11
Both Item quantitys are same
View Order Grid Pop-Up Item prices are same
Both item Subtotals in view order grid popup values are same
Both view order grid popup Addon prices are same 
OrderFlow.IsBaseDiscountZero :false
BasePriceIncrementValue :0
Both VOGPOPUP item Discount prices are same
VOGPOPUP shipping price is same
Both order total  Subtotals in view order grid popup values are same
ExpectedOrderDiscount4
Both VOGPOPUP order Shipping prices are same 
billing1Billing Information
Address 1
38345 W.10 Mile Road
City
Formington Hills
State
Texas
Country
USA
Zip
78732
Show more details
Payment Type
Billing
PONumber:
124
BillingAddress & BillingAddress
billing138345 W.10 Mile Road
suite 115
Formington Hills, Texas - 78732
billing1Billing Information
Address 1
38345 W.10 Mile Road
Address 2
suite 115
City
Formington Hills
State
Texas
Country
USA
Zip
78732
 VO Popup Sub total price is -->$18.469
Entered into PS View orders Pop-Up
 Actual View order popup quantiy -->  11
Int Actual Qunaity -->11
**ActualQuantity**11
Both Item quantitys are same
View Order Grid Pop-Up Item prices are same
Both item Subtotals in view order grid popup values are same
Both view order grid popup Addon prices are same 
OrderFlow.IsBaseDiscountZero :false
BasePriceIncrementValue :0
Both VOGPOPUP item Discount prices are same
VOGPOPUP shipping price is same
Both order total  Subtotals in view order grid popup values are same
ExpectedOrderDiscount4
Both VOGPOPUP order Shipping prices are same 
billing1Billing Information
Address 1
38345 W.10 Mile Road
City
Formington Hills
State
Texas
Country
USA
Zip
78732
Show more details
Payment Type
Billing
PONumber:
124
BillingAddress & BillingAddress
billing138345 W.10 Mile Road
suite 115
Formington Hills, Texas - 78732
billing1Billing Information
Address 1
38345 W.10 Mile Road
Address 2
suite 115
City
Formington Hills
State
Texas
Country
USA
Zip
78732
 VO Popup Sub total price is -->$18.469
Entered into PS View orders Pop-Up
 Actual View order popup quantiy -->  11
Int Actual Qunaity -->11
**ActualQuantity**11
Both Item quantitys are same
View Order Grid Pop-Up Item prices are same
Both item Subtotals in view order grid popup values are same
Both view order grid popup Addon prices are same 
OrderFlow.IsBaseDiscountZero :false
BasePriceIncrementValue :0
Both VOGPOPUP item Discount prices are same
VOGPOPUP shipping price is same
Both order total  Subtotals in view order grid popup values are same
ExpectedOrderDiscount4
Both VOGPOPUP order Shipping prices are same 
billing1Billing Information
Address 1
38345 W.10 Mile Road
City
Formington Hills
State
Texas
Country
USA
Zip
78732
Show more details
Payment Type
Billing
PONumber:
124
BillingAddress & BillingAddress
billing138345 W.10 Mile Road
suite 115
Formington Hills, Texas - 78732
billing1Billing Information
Address 1
38345 W.10 Mile Road
Address 2
suite 115
City
Formington Hills
State
Texas
Country
USA
Zip
78732
___ ___ ___ ____ _ ____ ____ ____ ______ ____ ___ ____ ____ ____ ____ ____ ____ _____ ____ _____ ____ _
**** *** **Al l the Expected values and Actual values are same, Test PASS*** *** ***
Time Stamp : _2019-Mar-06_10-53-52_PM
 Don't kill browser
****** ****** Test Case Number --> 123.0******* *******
Starting ChromeDriver 2.36.540470 (e522d04694c7ebea4ba8821272dbef4f9b818c91) on port 45752
Only local connections are allowed.
CBT Method works
Admin Login done
** Payment button worked fine **
Edit link is working fine  
*Product Alert ok working fine*
*Product Home link pre-click *
*Product Home link fine*
Order element check box 1
Order element check box 2
org.openqa.selenium.WebDriverException: unknown error: Element <a href="#" id="lnkProductQuickView" name="lnkProductQuickView">...</a> is not clickable at point (259, 206). Other element would receive the click: <div class="ui-widget-overlay ui-front"></div>
  (Session info: chrome=72.0.3626.119)
  (Driver info: chromedriver=2.36.540470 (e522d04694c7ebea4ba8821272dbef4f9b818c91),platform=Windows NT 10.0.16299 x86_64) (WARNING: The server did not provide any stacktrace information)
Command duration or timeout: 55 milliseconds
Build info: version: 'unknown', revision: '5234b32', time: '2017-03-10 09:00:17 -0800'
System info: host: 'RAMPRASAD-QA', ip: '192.168.1.79', os.name: 'Windows 10', os.arch: 'x86', os.version: '10.0', java.version: '1.8.0_161'
Driver info: org.openqa.selenium.chrome.ChromeDriver
Capabilities [{applicationCacheEnabled=false, rotatable=false, mobileEmulationEnabled=false, networkConnectionEnabled=false, chrome={chromedriverVersion=2.36.540470 (e522d04694c7ebea4ba8821272dbef4f9b818c91), userDataDir=C:\Users\Admin\AppData\Local\Temp\scoped_dir4616_1235}, takesHeapSnapshot=true, pageLoadStrategy=normal, databaseEnabled=false, handlesAlerts=true, hasTouchScreen=false, version=72.0.3626.119, platform=XP, browserConnectionEnabled=false, nativeEvents=true, acceptSslCerts=false, acceptInsecureCerts=false, locationContextEnabled=true, webStorageEnabled=true, browserName=chrome, takesScreenshot=true, javascriptEnabled=true, cssSelectorsEnabled=true, setWindowRect=true, unexpectedAlertBehaviour=}]
Session ID: c518868ecf2095d1289416e5e0b92fac
	at sun.reflect.NativeConstructorAccessorImpl.newInstance0(Native Method)
	at sun.reflect.NativeConstructorAccessorImpl.newInstance(NativeConstructorAccessorImpl.java:62)
	at sun.reflect.DelegatingConstructorAccessorImpl.newInstance(DelegatingConstructorAccessorImpl.java:45)
	at java.lang.reflect.Constructor.newInstance(Constructor.java:423)
	at org.openqa.selenium.remote.ErrorHandler.createThrowable(ErrorHandler.java:216)
	at org.openqa.selenium.remote.ErrorHandler.throwIfResponseFailed(ErrorHandler.java:168)
	at org.openqa.selenium.remote.RemoteWebDriver.execute(RemoteWebDriver.java:638)
	at org.openqa.selenium.remote.RemoteWebElement.execute(RemoteWebElement.java:274)
	at org.openqa.selenium.remote.RemoteWebElement.click(RemoteWebElement.java:84)
	at tec.AC40.Common.Commonclass.PersonalizeProductDetails(Commonclass.java:8398)
	at tec.AC40.Suite.OrderFlow.AccuPrice(OrderFlow.java:1280)
	at sun.reflect.GeneratedMethodAccessor2.invoke(Unknown Source)
	at sun.reflect.DelegatingMethodAccessorImpl.invoke(DelegatingMethodAccessorImpl.java:43)
	at java.lang.reflect.Method.invoke(Method.java:498)
	at org.testng.internal.MethodInvocationHelper.invokeMethod(MethodInvocationHelper.java:84)
	at org.testng.internal.Invoker.invokeMethod(Invoker.java:714)
	at org.testng.internal.Invoker.invokeTestMethod(Invoker.java:901)
	at org.testng.internal.Invoker.invokeTestMethods(Invoker.java:1231)
	at org.testng.internal.TestMethodWorker.invokeTestMethods(TestMethodWorker.java:127)
	at org.testng.internal.TestMethodWorker.run(TestMethodWorker.java:111)
	at org.testng.TestRunner.privateRun(TestRunner.java:767)
	at org.testng.TestRunner.run(TestRunner.java:617)
	at org.testng.SuiteRunner.runTest(SuiteRunner.java:334)
	at org.testng.SuiteRunner.runSequentially(SuiteRunner.java:329)
	at org.testng.SuiteRunner.privateRun(SuiteRunner.java:291)
	at org.testng.SuiteRunner.run(SuiteRunner.java:240)
	at org.testng.SuiteRunnerWorker.runSuite(SuiteRunnerWorker.java:52)
	at org.testng.SuiteRunnerWorker.run(SuiteRunnerWorker.java:86)
	at org.testng.TestNG.runSuitesSequentially(TestNG.java:1224)
	at org.testng.TestNG.runSuitesLocally(TestNG.java:1149)
	at org.testng.TestNG.run(TestNG.java:1057)
	at org.testng.TestNG.privateMain(TestNG.java:1364)
	at org.testng.TestNG.main(TestNG.java:1333)
org.openqa.selenium.WebDriverException: unknown error: Element <a id="lnkViewPricing" name="lnkViewPricing" href="#" class="anchor_font anchor_blue">...</a> is not clickable at point (1007, 135). Other element would receive the click: <div class="ui-widget-overlay ui-front"></div>
  (Session info: chrome=72.0.3626.119)
  (Driver info: chromedriver=2.36.540470 (e522d04694c7ebea4ba8821272dbef4f9b818c91),platform=Windows NT 10.0.16299 x86_64) (WARNING: The server did not provide any stacktrace information)
Command duration or timeout: 49 milliseconds
Build info: version: 'unknown', revision: '5234b32', time: '2017-03-10 09:00:17 -0800'
System info: host: 'RAMPRASAD-QA', ip: '192.168.1.79', os.name: 'Windows 10', os.arch: 'x86', os.version: '10.0', java.version: '1.8.0_161'
Driver info: org.openqa.selenium.chrome.ChromeDriver
Capabilities [{applicationCacheEnabled=false, rotatable=false, mobileEmulationEnabled=false, networkConnectionEnabled=false, chrome={chromedriverVersion=2.36.540470 (e522d04694c7ebea4ba8821272dbef4f9b818c91), userDataDir=C:\Users\Admin\AppData\Local\Temp\scoped_dir4616_1235}, takesHeapSnapshot=true, pageLoadStrategy=normal, databaseEnabled=false, handlesAlerts=true, hasTouchScreen=false, version=72.0.3626.119, platform=XP, browserConnectionEnabled=false, nativeEvents=true, acceptSslCerts=false, acceptInsecureCerts=false, locationContextEnabled=true, webStorageEnabled=true, browserName=chrome, takesScreenshot=true, javascriptEnabled=true, cssSelectorsEnabled=true, setWindowRect=true, unexpectedAlertBehaviour=}]
Session ID: c518868ecf2095d1289416e5e0b92fac
	at sun.reflect.NativeConstructorAccessorImpl.newInstance0(Native Method)
	at sun.reflect.NativeConstructorAccessorImpl.newInstance(NativeConstructorAccessorImpl.java:62)
	at sun.reflect.DelegatingConstructorAccessorImpl.newInstance(DelegatingConstructorAccessorImpl.java:45)
	at java.lang.reflect.Constructor.newInstance(Constructor.java:423)
	at org.openqa.selenium.remote.ErrorHandler.createThrowable(ErrorHandler.java:216)
	at org.openqa.selenium.remote.ErrorHandler.throwIfResponseFailed(ErrorHandler.java:168)
	at org.openqa.selenium.remote.RemoteWebDriver.execute(RemoteWebDriver.java:638)
	at org.openqa.selenium.remote.RemoteWebElement.execute(RemoteWebElement.java:274)
	at org.openqa.selenium.remote.RemoteWebElement.click(RemoteWebElement.java:84)
	at tec.AC40.Common.Commonclass.ViewPricingDetails(Commonclass.java:8709)
	at tec.AC40.Suite.OrderFlow.AccuPrice(OrderFlow.java:1285)
	at sun.reflect.GeneratedMethodAccessor2.invoke(Unknown Source)
	at sun.reflect.DelegatingMethodAccessorImpl.invoke(DelegatingMethodAccessorImpl.java:43)
	at java.lang.reflect.Method.invoke(Method.java:498)
	at org.testng.internal.MethodInvocationHelper.invokeMethod(MethodInvocationHelper.java:84)
	at org.testng.internal.Invoker.invokeMethod(Invoker.java:714)
	at org.testng.internal.Invoker.invokeTestMethod(Invoker.java:901)
	at org.testng.internal.Invoker.invokeTestMethods(Invoker.java:1231)
	at org.testng.internal.TestMethodWorker.invokeTestMethods(TestMethodWorker.java:127)
	at org.testng.internal.TestMethodWorker.run(TestMethodWorker.java:111)
	at org.testng.TestRunner.privateRun(TestRunner.java:767)
	at org.testng.TestRunner.run(TestRunner.java:617)
	at org.testng.SuiteRunner.runTest(SuiteRunner.java:334)
	at org.testng.SuiteRunner.runSequentially(SuiteRunner.java:329)
	at org.testng.SuiteRunner.privateRun(SuiteRunner.java:291)
	at org.testng.SuiteRunner.run(SuiteRunner.java:240)
	at org.testng.SuiteRunnerWorker.runSuite(SuiteRunnerWorker.java:52)
	at org.testng.SuiteRunnerWorker.run(SuiteRunnerWorker.java:86)
	at org.testng.TestNG.runSuitesSequentially(TestNG.java:1224)
	at org.testng.TestNG.runSuitesLocally(TestNG.java:1149)
	at org.testng.TestNG.run(TestNG.java:1057)
	at org.testng.TestNG.privateMain(TestNG.java:1364)
	at org.testng.TestNG.main(TestNG.java:1333)
Report are saved and closed
org.openqa.selenium.WebDriverException: unknown error: Element <span id="DeliveryMode_SHIP_TO_MY_ADDRESS" style="display:" class="text-center width_auto padding_5px border_color4 border_1 templt_active">...</span> is not clickable at point (94, 368). Other element would receive the click: <div class="ui-widget-overlay ui-front"></div>
  (Session info: chrome=72.0.3626.119)
  (Driver info: chromedriver=2.36.540470 (e522d04694c7ebea4ba8821272dbef4f9b818c91),platform=Windows NT 10.0.16299 x86_64) (WARNING: The server did not provide any stacktrace information)
Command duration or timeout: 54 milliseconds
Build info: version: 'unknown', revision: '5234b32', time: '2017-03-10 09:00:17 -0800'
System info: host: 'RAMPRASAD-QA', ip: '192.168.1.79', os.name: 'Windows 10', os.arch: 'x86', os.version: '10.0', java.version: '1.8.0_161'
Driver info: org.openqa.selenium.chrome.ChromeDriver
Capabilities [{applicationCacheEnabled=false, rotatable=false, mobileEmulationEnabled=false, networkConnectionEnabled=false, chrome={chromedriverVersion=2.36.540470 (e522d04694c7ebea4ba8821272dbef4f9b818c91), userDataDir=C:\Users\Admin\AppData\Local\Temp\scoped_dir4616_1235}, takesHeapSnapshot=true, pageLoadStrategy=normal, databaseEnabled=false, handlesAlerts=true, hasTouchScreen=false, version=72.0.3626.119, platform=XP, browserConnectionEnabled=false, nativeEvents=true, acceptSslCerts=false, acceptInsecureCerts=false, locationContextEnabled=true, webStorageEnabled=true, browserName=chrome, takesScreenshot=true, javascriptEnabled=true, cssSelectorsEnabled=true, setWindowRect=true, unexpectedAlertBehaviour=}]
Session ID: c518868ecf2095d1289416e5e0b92fac
	at sun.reflect.NativeConstructorAccessorImpl.newInstance0(Native Method)
	at sun.reflect.NativeConstructorAccessorImpl.newInstance(NativeConstructorAccessorImpl.java:62)
	at sun.reflect.DelegatingConstructorAccessorImpl.newInstance(DelegatingConstructorAccessorImpl.java:45)
	at java.lang.reflect.Constructor.newInstance(Constructor.java:423)
	at org.openqa.selenium.remote.ErrorHandler.createThrowable(ErrorHandler.java:216)
	at org.openqa.selenium.remote.ErrorHandler.throwIfResponseFailed(ErrorHandler.java:168)
	at org.openqa.selenium.remote.RemoteWebDriver.execute(RemoteWebDriver.java:638)
	at org.openqa.selenium.remote.RemoteWebElement.execute(RemoteWebElement.java:274)
	at org.openqa.selenium.remote.RemoteWebElement.click(RemoteWebElement.java:84)
	at tec.AC40.Suite.OrderFlow.AccuPrice(OrderFlow.java:1739)
	at sun.reflect.GeneratedMethodAccessor2.invoke(Unknown Source)
	at sun.reflect.DelegatingMethodAccessorImpl.invoke(DelegatingMethodAccessorImpl.java:43)
	at java.lang.reflect.Method.invoke(Method.java:498)
	at org.testng.internal.MethodInvocationHelper.invokeMethod(MethodInvocationHelper.java:84)
	at org.testng.internal.Invoker.invokeMethod(Invoker.java:714)
	at org.testng.internal.Invoker.invokeTestMethod(Invoker.java:901)
	at org.testng.internal.Invoker.invokeTestMethods(Invoker.java:1231)
	at org.testng.internal.TestMethodWorker.invokeTestMethods(TestMethodWorker.java:127)
	at org.testng.internal.TestMethodWorker.run(TestMethodWorker.java:111)
	at org.testng.TestRunner.privateRun(TestRunner.java:767)
	at org.testng.TestRunner.run(TestRunner.java:617)
	at org.testng.SuiteRunner.runTest(SuiteRunner.java:334)
	at org.testng.SuiteRunner.runSequentially(SuiteRunner.java:329)
	at org.testng.SuiteRunner.privateRun(SuiteRunner.java:291)
	at org.testng.SuiteRunner.run(SuiteRunner.java:240)
	at org.testng.SuiteRunnerWorker.runSuite(SuiteRunnerWorker.java:52)
	at org.testng.SuiteRunnerWorker.run(SuiteRunnerWorker.java:86)
	at org.testng.TestNG.runSuitesSequentially(TestNG.java:1224)
	at org.testng.TestNG.runSuitesLocally(TestNG.java:1149)
	at org.testng.TestNG.run(TestNG.java:1057)
	at org.testng.TestNG.privateMain(TestNG.java:1364)
	at org.testng.TestNG.main(TestNG.java:1333)
Time Stamp : _2019-Mar-06_11-19-04_PM
 Don't kill browser
****** ****** Test Case Number --> 124.0******* *******
Starting ChromeDriver 2.36.540470 (e522d04694c7ebea4ba8821272dbef4f9b818c91) on port 9772
Only local connections are allowed.
CBT Method works
Admin Login done
** Payment button worked fine **
Edit link is working fine  
*Product Alert ok working fine*
*Product Home link pre-click *
*Product Home link fine*
Order element check box 1
Order element check box 2
6 SelectListActualShipping2 :$4.05
Both addon prices are same
Quantity11234____21
ActualDiscount-$0.35
ExpectedDiscount-$0.35
ActualDiscount0908hh-$0.35
gc
mp
billing1Billed to :
Address 1
38345 W.10 Mile Road
City
Formington Hills
State
Texas
Country
USA
Zip
78732
Show more details
BillingAddress & BillingAddress
billing138345 W.10 Mile Road
suite 115
Formington Hills, Texas - 78732
billing1Billing Information
Address 1
38345 W.10 Mile Road
Address 2
suite 115
City
Formington Hills
State
Texas
Country
USA
Zip
78732
OrderNumber : 7180
 VO Popup Sub total price is -->$11.34
Entered into PS View orders Pop-Up
 Actual View order popup quantiy -->  21
Int Actual Qunaity -->21
**ActualQuantity**21
Both Item quantitys are same
View Order Grid Pop-Up Item prices are same
Both item Subtotals in view order grid popup values are same
Both view order grid popup Addon prices are same 
Both VOGPOPUP item Discount prices are same
VOGPOPUP shipping price is same
Both order total  Subtotals in view order grid popup values are same
ExpectedOrderDiscount6
Both VOGPOPUP order Shipping prices are same 
billing1Billing Information
Address 1
38345 W.10 Mile Road
City
Formington Hills
State
Texas
Country
USA
Zip
78732
Show more details
Payment Type
Co-op Fund
BillingAddress & BillingAddress
billing138345 W.10 Mile Road
suite 115
Formington Hills, Texas - 78732
billing1Billing Information
Address 1
38345 W.10 Mile Road
Address 2
suite 115
City
Formington Hills
State
Texas
Country
USA
Zip
78732
 VO Popup Sub total price is -->$11.34
Entered into PS View orders Pop-Up
 Actual View order popup quantiy -->  21
Int Actual Qunaity -->21
**ActualQuantity**21
Both Item quantitys are same
View Order Grid Pop-Up Item prices are same
Both item Subtotals in view order grid popup values are same
Both view order grid popup Addon prices are same 
Both VOGPOPUP item Discount prices are same
VOGPOPUP shipping price is same
Both order total  Subtotals in view order grid popup values are same
ExpectedOrderDiscount6
Both VOGPOPUP order Shipping prices are same 
billing1Billing Information
Address 1
38345 W.10 Mile Road
City
Formington Hills
State
Texas
Country
USA
Zip
78732
Show more details
Payment Type
Co-op Fund
BillingAddress & BillingAddress
billing138345 W.10 Mile Road
suite 115
Formington Hills, Texas - 78732
billing1Billing Information
Address 1
38345 W.10 Mile Road
Address 2
suite 115
City
Formington Hills
State
Texas
Country
USA
Zip
78732
 VO Popup Sub total price is -->$11.34
Entered into PS View orders Pop-Up
 Actual View order popup quantiy -->  21
Int Actual Qunaity -->21
**ActualQuantity**21
Both Item quantitys are same
View Order Grid Pop-Up Item prices are same
Both item Subtotals in view order grid popup values are same
Both view order grid popup Addon prices are same 
Both VOGPOPUP item Discount prices are same
VOGPOPUP shipping price is same
Both order total  Subtotals in view order grid popup values are same
ExpectedOrderDiscount6
Both VOGPOPUP order Shipping prices are same 
billing1Billing Information
Address 1
38345 W.10 Mile Road
City
Formington Hills
State
Texas
Country
USA
Zip
78732
Show more details
Payment Type
Co-op Fund
BillingAddress & BillingAddress
billing138345 W.10 Mile Road
suite 115
Formington Hills, Texas - 78732
billing1Billing Information
Address 1
38345 W.10 Mile Road
Address 2
suite 115
City
Formington Hills
State
Texas
Country
USA
Zip
78732
___ ___ ___ ____ _ ____ ____ ____ ______ ____ ___ ____ ____ ____ ____ ____ ____ _____ ____ _____ ____ _
**** *** **Al l the Expected values and Actual values are same, Test PASS*** *** ***
Time Stamp : _2019-Mar-06_11-57-35_PM
 Don't kill browser
****** ****** Test Case Number --> 125.0******* *******
Starting ChromeDriver 2.36.540470 (e522d04694c7ebea4ba8821272dbef4f9b818c91) on port 14026
Only local connections are allowed.
CBT Method works
Admin Login done
** Payment button worked fine **
Edit link is working fine  
*Product Alert ok working fine*
*Product Home link pre-click *
*Product Home link fine*
Order element check box 1
Order element check box 2
6 SelectListActualShipping2 :$2.031
Both addon prices are same
Quantity11234____11
ActualDiscount-$0.108
ExpectedDiscount-$0.108
ActualDiscount0908hh-$0.108
gc
mp
billing1Billed to :
Address 1
38345 W.10 Mile Road
City
Formington Hills
State
Texas
Country
USA
Zip
78732
Show more details
BillingAddress & BillingAddress
billing138345 W.10 Mile Road
suite 115
Formington Hills, Texas - 78732
billing1Billing Information
Address 1
38345 W.10 Mile Road
Address 2
suite 115
City
Formington Hills
State
Texas
Country
USA
Zip
78732
OrderNumber : 7181
 VO Popup Sub total price is -->$6.941
Entered into PS View orders Pop-Up
 Actual View order popup quantiy -->  11
Int Actual Qunaity -->11
**ActualQuantity**11
Both Item quantitys are same
View Order Grid Pop-Up Item prices are same
Both item Subtotals in view order grid popup values are same
Both view order grid popup Addon prices are same 
Both VOGPOPUP item Discount prices are same
VOGPOPUP shipping price is same
Both order total  Subtotals in view order grid popup values are same
ExpectedOrderDiscount6
Both VOGPOPUP order Shipping prices are same 
billing1Billing Information
Address 1
38345 W.10 Mile Road
City
Formington Hills
State
Texas
Country
USA
Zip
78732
Show more details
Payment Type
Co-op Fund
BillingAddress & BillingAddress
billing138345 W.10 Mile Road
suite 115
Formington Hills, Texas - 78732
billing1Billing Information
Address 1
38345 W.10 Mile Road
Address 2
suite 115
City
Formington Hills
State
Texas
Country
USA
Zip
78732
 VO Popup Sub total price is -->$6.941
Entered into PS View orders Pop-Up
 Actual View order popup quantiy -->  11
Int Actual Qunaity -->11
**ActualQuantity**11
Both Item quantitys are same
View Order Grid Pop-Up Item prices are same
Both item Subtotals in view order grid popup values are same
Both view order grid popup Addon prices are same 
Both VOGPOPUP item Discount prices are same
VOGPOPUP shipping price is same
Both order total  Subtotals in view order grid popup values are same
ExpectedOrderDiscount6
Both VOGPOPUP order Shipping prices are same 
billing1Billing Information
Address 1
38345 W.10 Mile Road
City
Formington Hills
State
Texas
Country
USA
Zip
78732
Show more details
Payment Type
Co-op Fund
BillingAddress & BillingAddress
billing138345 W.10 Mile Road
suite 115
Formington Hills, Texas - 78732
billing1Billing Information
Address 1
38345 W.10 Mile Road
Address 2
suite 115
City
Formington Hills
State
Texas
Country
USA
Zip
78732
 VO Popup Sub total price is -->$6.941
Entered into PS View orders Pop-Up
 Actual View order popup quantiy -->  11
Int Actual Qunaity -->11
**ActualQuantity**11
Both Item quantitys are same
View Order Grid Pop-Up Item prices are same
Both item Subtotals in view order grid popup values are same
Both view order grid popup Addon prices are same 
Both VOGPOPUP item Discount prices are same
VOGPOPUP shipping price is same
Both order total  Subtotals in view order grid popup values are same
ExpectedOrderDiscount6
Both VOGPOPUP order Shipping prices are same 
billing1Billing Information
Address 1
38345 W.10 Mile Road
City
Formington Hills
State
Texas
Country
USA
Zip
78732
Show more details
Payment Type
Co-op Fund
BillingAddress & BillingAddress
billing138345 W.10 Mile Road
suite 115
Formington Hills, Texas - 78732
billing1Billing Information
Address 1
38345 W.10 Mile Road
Address 2
suite 115
City
Formington Hills
State
Texas
Country
USA
Zip
78732
___ ___ ___ ____ _ ____ ____ ____ ______ ____ ___ ____ ____ ____ ____ ____ ____ _____ ____ _____ ____ _
**** *** **Al l the Expected values and Actual values are same, Test PASS*** *** ***
Time Stamp : _2019-Mar-07_12-36-19_AM
 Don't kill browser
****** ****** Test Case Number --> 126.0******* *******
Starting ChromeDriver 2.36.540470 (e522d04694c7ebea4ba8821272dbef4f9b818c91) on port 11475
Only local connections are allowed.
CBT Method works
Admin Login done
** Payment button worked fine **
Edit link is working fine  
*Product Alert ok working fine*
*Product Home link pre-click *
*Product Home link fine*
Order element check box 1
Order element check box 2
6 SelectListActualShipping2 :$1.0427
Both addon prices are same
Quantity11234____12
ActualDiscount-$0.0955
ExpectedDiscount-$0.0955
ActualDiscount0908hh-$0.0955
gc
mp
billing1Billed to :
Address 1
38345 W.10 Mile Road
City
Formington Hills
State
Texas
Country
USA
Zip
78732
Show more details
BillingAddress & BillingAddress
billing138345 W.10 Mile Road
suite 115
Formington Hills, Texas - 78732
billing1Billing Information
Address 1
38345 W.10 Mile Road
Address 2
suite 115
City
Formington Hills
State
Texas
Country
USA
Zip
78732
OrderNumber : 7182
 VO Popup Sub total price is -->$9.3648
Entered into PS View orders Pop-Up
 Actual View order popup quantiy -->  12
Int Actual Qunaity -->12
**ActualQuantity**12
Both Item quantitys are same
View Order Grid Pop-Up Item prices are same
Both item Subtotals in view order grid popup values are same
Both view order grid popup Addon prices are same 
Both VOGPOPUP item Discount prices are same
VOGPOPUP shipping price is same
Both order total  Subtotals in view order grid popup values are same
ExpectedOrderDiscount6
Both VOGPOPUP order Shipping prices are same 
billing1Billing Information
Address 1
38345 W.10 Mile Road
City
Formington Hills
State
Texas
Country
USA
Zip
78732
Show more details
Payment Type
Co-op Fund
BillingAddress & BillingAddress
billing138345 W.10 Mile Road
suite 115
Formington Hills, Texas - 78732
billing1Billing Information
Address 1
38345 W.10 Mile Road
Address 2
suite 115
City
Formington Hills
State
Texas
Country
USA
Zip
78732
 VO Popup Sub total price is -->$9.3648
Entered into PS View orders Pop-Up
 Actual View order popup quantiy -->  12
Int Actual Qunaity -->12
**ActualQuantity**12
Both Item quantitys are same
View Order Grid Pop-Up Item prices are same
Both item Subtotals in view order grid popup values are same
Both view order grid popup Addon prices are same 
Both VOGPOPUP item Discount prices are same
VOGPOPUP shipping price is same
Both order total  Subtotals in view order grid popup values are same
ExpectedOrderDiscount6
Both VOGPOPUP order Shipping prices are same 
billing1Billing Information
Address 1
38345 W.10 Mile Road
City
Formington Hills
State
Texas
Country
USA
Zip
78732
Show more details
Payment Type
Co-op Fund
BillingAddress & BillingAddress
billing138345 W.10 Mile Road
suite 115
Formington Hills, Texas - 78732
billing1Billing Information
Address 1
38345 W.10 Mile Road
Address 2
suite 115
City
Formington Hills
State
Texas
Country
USA
Zip
78732
 VO Popup Sub total price is -->$9.3648
Entered into PS View orders Pop-Up
 Actual View order popup quantiy -->  12
Int Actual Qunaity -->12
**ActualQuantity**12
Both Item quantitys are same
View Order Grid Pop-Up Item prices are same
Both item Subtotals in view order grid popup values are same
Both view order grid popup Addon prices are same 
Both VOGPOPUP item Discount prices are same
VOGPOPUP shipping price is same
Both order total  Subtotals in view order grid popup values are same
ExpectedOrderDiscount6
Both VOGPOPUP order Shipping prices are same 
billing1Billing Information
Address 1
38345 W.10 Mile Road
City
Formington Hills
State
Texas
Country
USA
Zip
78732
Show more details
Payment Type
Co-op Fund
BillingAddress & BillingAddress
billing138345 W.10 Mile Road
suite 115
Formington Hills, Texas - 78732
billing1Billing Information
Address 1
38345 W.10 Mile Road
Address 2
suite 115
City
Formington Hills
State
Texas
Country
USA
Zip
78732
___ ___ ___ ____ _ ____ ____ ____ ______ ____ ___ ____ ____ ____ ____ ____ ____ _____ ____ _____ ____ _
**** *** **Al l the Expected values and Actual values are same, Test PASS*** *** ***
Time Stamp : _2019-Mar-07_1-14-44_AM
 Don't kill browser
****** ****** Test Case Number --> 127.0******* *******
Starting ChromeDriver 2.36.540470 (e522d04694c7ebea4ba8821272dbef4f9b818c91) on port 45558
Only local connections are allowed.
CBT Method works
Admin Login done
** Payment button worked fine **
Edit link is working fine  
*Product Alert ok working fine*
*Product Home link pre-click *
*Product Home link fine*
Order element check box 1
Order element check box 2
6 SelectListActualShipping2 :$3.01
Both addon prices are same
OrderFlow.IsBaseDiscountZero :true
BasePriceIncrementValue :0
Quantity11234____9
ActualDiscount-$0.00
ExpectedDiscount-$0.00
ActualDiscount0908hh-$0.00
gc
mp
** CAME UP TO HERE **
org.openqa.selenium.NoSuchElementException: no such element: Unable to locate element: {"method":"xpath","selector":"//table[@id='GrayGrid']/tbody/tr[2]/td[4]"}
  (Session info: chrome=72.0.3626.119)
  (Driver info: chromedriver=2.36.540470 (e522d04694c7ebea4ba8821272dbef4f9b818c91),platform=Windows NT 10.0.16299 x86_64) (WARNING: The server did not provide any stacktrace information)
Command duration or timeout: 20.03 seconds
For documentation on this error, please visit: http://seleniumhq.org/exceptions/no_such_element.html
Build info: version: 'unknown', revision: '5234b32', time: '2017-03-10 09:00:17 -0800'
System info: host: 'RAMPRASAD-QA', ip: '192.168.1.79', os.name: 'Windows 10', os.arch: 'x86', os.version: '10.0', java.version: '1.8.0_161'
Driver info: org.openqa.selenium.chrome.ChromeDriver
Capabilities [{applicationCacheEnabled=false, rotatable=false, mobileEmulationEnabled=false, networkConnectionEnabled=false, chrome={chromedriverVersion=2.36.540470 (e522d04694c7ebea4ba8821272dbef4f9b818c91), userDataDir=C:\Users\Admin\AppData\Local\Temp\scoped_dir9760_8189}, takesHeapSnapshot=true, pageLoadStrategy=normal, databaseEnabled=false, handlesAlerts=true, hasTouchScreen=false, version=72.0.3626.119, platform=XP, browserConnectionEnabled=false, nativeEvents=true, acceptSslCerts=false, acceptInsecureCerts=false, locationContextEnabled=true, webStorageEnabled=true, browserName=chrome, takesScreenshot=true, javascriptEnabled=true, cssSelectorsEnabled=true, setWindowRect=true, unexpectedAlertBehaviour=}]
Session ID: df46851b6b9cda998a544b5242988cef
*** Element info: {Using=xpath, value=//table[@id='GrayGrid']/tbody/tr[2]/td[4]}
	at sun.reflect.NativeConstructorAccessorImpl.newInstance0(Native Method)
	at sun.reflect.NativeConstructorAccessorImpl.newInstance(NativeConstructorAccessorImpl.java:62)
	at sun.reflect.DelegatingConstructorAccessorImpl.newInstance(DelegatingConstructorAccessorImpl.java:45)
	at java.lang.reflect.Constructor.newInstance(Constructor.java:423)
	at org.openqa.selenium.remote.ErrorHandler.createThrowable(ErrorHandler.java:216)
	at org.openqa.selenium.remote.ErrorHandler.throwIfResponseFailed(ErrorHandler.java:168)
	at org.openqa.selenium.remote.RemoteWebDriver.execute(RemoteWebDriver.java:638)
	at org.openqa.selenium.remote.RemoteWebDriver.findElement(RemoteWebDriver.java:371)
	at org.openqa.selenium.remote.RemoteWebDriver.findElementByXPath(RemoteWebDriver.java:476)
	at org.openqa.selenium.By$ByXPath.findElement(By.java:361)
	at org.openqa.selenium.remote.RemoteWebDriver.findElement(RemoteWebDriver.java:363)
	at tec.AC40.Common.Commonclass.VerifyAppliedAndRemaingPayments(Commonclass.java:10387)
	at tec.AC40.Suite.OrderFlow.AccuPrice(OrderFlow.java:3018)
	at sun.reflect.GeneratedMethodAccessor2.invoke(Unknown Source)
	at sun.reflect.DelegatingMethodAccessorImpl.invoke(DelegatingMethodAccessorImpl.java:43)
	at java.lang.reflect.Method.invoke(Method.java:498)
	at org.testng.internal.MethodInvocationHelper.invokeMethod(MethodInvocationHelper.java:84)
	at org.testng.internal.Invoker.invokeMethod(Invoker.java:714)
	at org.testng.internal.Invoker.invokeTestMethod(Invoker.java:901)
	at org.testng.internal.Invoker.invokeTestMethods(Invoker.java:1231)
	at org.testng.internal.TestMethodWorker.invokeTestMethods(TestMethodWorker.java:127)
	at org.testng.internal.TestMethodWorker.run(TestMethodWorker.java:111)
	at org.testng.TestRunner.privateRun(TestRunner.java:767)
	at org.testng.TestRunner.run(TestRunner.java:617)
	at org.testng.SuiteRunner.runTest(SuiteRunner.java:334)
	at org.testng.SuiteRunner.runSequentially(SuiteRunner.java:329)
	at org.testng.SuiteRunner.privateRun(SuiteRunner.java:291)
	at org.testng.SuiteRunner.run(SuiteRunner.java:240)
	at org.testng.SuiteRunnerWorker.runSuite(SuiteRunnerWorker.java:52)
	at org.testng.SuiteRunnerWorker.run(SuiteRunnerWorker.java:86)
	at org.testng.TestNG.runSuitesSequentially(TestNG.java:1224)
	at org.testng.TestNG.runSuitesLocally(TestNG.java:1149)
	at org.testng.TestNG.run(TestNG.java:1057)
	at org.testng.TestNG.privateMain(TestNG.java:1364)
	at org.testng.TestNG.main(TestNG.java:1333)
Report are saved and closed
org.openqa.selenium.TimeoutException: Expected condition failed: waiting for presence of element located by: By.id: lnkPrint (tried for 500 second(s) with 1 SECONDS interval)
	at org.openqa.selenium.support.ui.FluentWait.timeoutException(FluentWait.java:264)
	at org.openqa.selenium.support.ui.FluentWait.until(FluentWait.java:232)
	at tec.AC40.Suite.OrderFlow.AccuPrice(OrderFlow.java:3159)
	at sun.reflect.GeneratedMethodAccessor2.invoke(Unknown Source)
	at sun.reflect.DelegatingMethodAccessorImpl.invoke(DelegatingMethodAccessorImpl.java:43)
	at java.lang.reflect.Method.invoke(Method.java:498)
	at org.testng.internal.MethodInvocationHelper.invokeMethod(MethodInvocationHelper.java:84)
	at org.testng.internal.Invoker.invokeMethod(Invoker.java:714)
	at org.testng.internal.Invoker.invokeTestMethod(Invoker.java:901)
	at org.testng.internal.Invoker.invokeTestMethods(Invoker.java:1231)
	at org.testng.internal.TestMethodWorker.invokeTestMethods(TestMethodWorker.java:127)
	at org.testng.internal.TestMethodWorker.run(TestMethodWorker.java:111)
	at org.testng.TestRunner.privateRun(TestRunner.java:767)
	at org.testng.TestRunner.run(TestRunner.java:617)
	at org.testng.SuiteRunner.runTest(SuiteRunner.java:334)
	at org.testng.SuiteRunner.runSequentially(SuiteRunner.java:329)
	at org.testng.SuiteRunner.privateRun(SuiteRunner.java:291)
	at org.testng.SuiteRunner.run(SuiteRunner.java:240)
	at org.testng.SuiteRunnerWorker.runSuite(SuiteRunnerWorker.java:52)
	at org.testng.SuiteRunnerWorker.run(SuiteRunnerWorker.java:86)
	at org.testng.TestNG.runSuitesSequentially(TestNG.java:1224)
	at org.testng.TestNG.runSuitesLocally(TestNG.java:1149)
	at org.testng.TestNG.run(TestNG.java:1057)
	at org.testng.TestNG.privateMain(TestNG.java:1364)
	at org.testng.TestNG.main(TestNG.java:1333)
Caused by: org.openqa.selenium.NoSuchElementException: Cannot locate an element using By.id: lnkPrint
For documentation on this error, please visit: http://seleniumhq.org/exceptions/no_such_element.html
Build info: version: 'unknown', revision: '5234b32', time: '2017-03-10 09:00:17 -0800'
System info: host: 'RAMPRASAD-QA', ip: '192.168.1.79', os.name: 'Windows 10', os.arch: 'x86', os.version: '10.0', java.version: '1.8.0_161'
Driver info: driver.version: unknown
	at org.openqa.selenium.support.ui.ExpectedConditions.lambda$findElement$0(ExpectedConditions.java:899)
	at java.util.Optional.orElseThrow(Optional.java:290)
	at org.openqa.selenium.support.ui.ExpectedConditions.findElement(ExpectedConditions.java:898)
	at org.openqa.selenium.support.ui.ExpectedConditions.access$000(ExpectedConditions.java:44)
	at org.openqa.selenium.support.ui.ExpectedConditions$6.apply(ExpectedConditions.java:184)
	at org.openqa.selenium.support.ui.ExpectedConditions$6.apply(ExpectedConditions.java:181)
	at org.openqa.selenium.support.ui.FluentWait.until(FluentWait.java:209)
	... 23 more
Time Stamp : _2019-Mar-07_1-52-24_AM
 Don't kill browser
****** ****** Test Case Number --> 128.0******* *******
Starting ChromeDriver 2.36.540470 (e522d04694c7ebea4ba8821272dbef4f9b818c91) on port 36750
Only local connections are allowed.
CBT Method works
Admin Login done
** Payment button worked fine **
Edit link is working fine  
*Product Alert ok working fine*
*Product Home link pre-click *
*Product Home link fine*
Order element check box 1
Order element check box 2
6 SelectListActualShipping2 :$2.952
Both addon prices are same
OrderFlow.IsBaseDiscountZero :true
BasePriceIncrementValue :0
Quantity11234____12
ActualDiscount-$0.000
ExpectedDiscount-$0.000
ActualDiscount0908hh-$0.000
gc
mp
** CAME UP TO HERE **
org.openqa.selenium.NoSuchElementException: no such element: Unable to locate element: {"method":"xpath","selector":"//table[@id='GrayGrid']/tbody/tr[2]/td[4]"}
  (Session info: chrome=72.0.3626.119)
  (Driver info: chromedriver=2.36.540470 (e522d04694c7ebea4ba8821272dbef4f9b818c91),platform=Windows NT 10.0.16299 x86_64) (WARNING: The server did not provide any stacktrace information)
Command duration or timeout: 20.04 seconds
For documentation on this error, please visit: http://seleniumhq.org/exceptions/no_such_element.html
Build info: version: 'unknown', revision: '5234b32', time: '2017-03-10 09:00:17 -0800'
System info: host: 'RAMPRASAD-QA', ip: '192.168.1.79', os.name: 'Windows 10', os.arch: 'x86', os.version: '10.0', java.version: '1.8.0_161'
Driver info: org.openqa.selenium.chrome.ChromeDriver
Capabilities [{applicationCacheEnabled=false, rotatable=false, mobileEmulationEnabled=false, networkConnectionEnabled=false, chrome={chromedriverVersion=2.36.540470 (e522d04694c7ebea4ba8821272dbef4f9b818c91), userDataDir=C:\Users\Admin\AppData\Local\Temp\scoped_dir13124_17029}, takesHeapSnapshot=true, pageLoadStrategy=normal, databaseEnabled=false, handlesAlerts=true, hasTouchScreen=false, version=72.0.3626.119, platform=XP, browserConnectionEnabled=false, nativeEvents=true, acceptSslCerts=false, acceptInsecureCerts=false, locationContextEnabled=true, webStorageEnabled=true, browserName=chrome, takesScreenshot=true, javascriptEnabled=true, cssSelectorsEnabled=true, setWindowRect=true, unexpectedAlertBehaviour=}]
Session ID: b788c4da9694c426e8988692a77973bd
*** Element info: {Using=xpath, value=//table[@id='GrayGrid']/tbody/tr[2]/td[4]}
	at sun.reflect.NativeConstructorAccessorImpl.newInstance0(Native Method)
	at sun.reflect.NativeConstructorAccessorImpl.newInstance(NativeConstructorAccessorImpl.java:62)
	at sun.reflect.DelegatingConstructorAccessorImpl.newInstance(DelegatingConstructorAccessorImpl.java:45)
	at java.lang.reflect.Constructor.newInstance(Constructor.java:423)
	at org.openqa.selenium.remote.ErrorHandler.createThrowable(ErrorHandler.java:216)
	at org.openqa.selenium.remote.ErrorHandler.throwIfResponseFailed(ErrorHandler.java:168)
	at org.openqa.selenium.remote.RemoteWebDriver.execute(RemoteWebDriver.java:638)
	at org.openqa.selenium.remote.RemoteWebDriver.findElement(RemoteWebDriver.java:371)
	at org.openqa.selenium.remote.RemoteWebDriver.findElementByXPath(RemoteWebDriver.java:476)
	at org.openqa.selenium.By$ByXPath.findElement(By.java:361)
	at org.openqa.selenium.remote.RemoteWebDriver.findElement(RemoteWebDriver.java:363)
	at tec.AC40.Common.Commonclass.VerifyAppliedAndRemaingPayments(Commonclass.java:10387)
	at tec.AC40.Suite.OrderFlow.AccuPrice(OrderFlow.java:3018)
	at sun.reflect.GeneratedMethodAccessor2.invoke(Unknown Source)
	at sun.reflect.DelegatingMethodAccessorImpl.invoke(DelegatingMethodAccessorImpl.java:43)
	at java.lang.reflect.Method.invoke(Method.java:498)
	at org.testng.internal.MethodInvocationHelper.invokeMethod(MethodInvocationHelper.java:84)
	at org.testng.internal.Invoker.invokeMethod(Invoker.java:714)
	at org.testng.internal.Invoker.invokeTestMethod(Invoker.java:901)
	at org.testng.internal.Invoker.invokeTestMethods(Invoker.java:1231)
	at org.testng.internal.TestMethodWorker.invokeTestMethods(TestMethodWorker.java:127)
	at org.testng.internal.TestMethodWorker.run(TestMethodWorker.java:111)
	at org.testng.TestRunner.privateRun(TestRunner.java:767)
	at org.testng.TestRunner.run(TestRunner.java:617)
	at org.testng.SuiteRunner.runTest(SuiteRunner.java:334)
	at org.testng.SuiteRunner.runSequentially(SuiteRunner.java:329)
	at org.testng.SuiteRunner.privateRun(SuiteRunner.java:291)
	at org.testng.SuiteRunner.run(SuiteRunner.java:240)
	at org.testng.SuiteRunnerWorker.runSuite(SuiteRunnerWorker.java:52)
	at org.testng.SuiteRunnerWorker.run(SuiteRunnerWorker.java:86)
	at org.testng.TestNG.runSuitesSequentially(TestNG.java:1224)
	at org.testng.TestNG.runSuitesLocally(TestNG.java:1149)
	at org.testng.TestNG.run(TestNG.java:1057)
	at org.testng.TestNG.privateMain(TestNG.java:1364)
	at org.testng.TestNG.main(TestNG.java:1333)
Report are saved and closed
org.openqa.selenium.TimeoutException: Expected condition failed: waiting for presence of element located by: By.id: lnkPrint (tried for 500 second(s) with 1 SECONDS interval)
	at org.openqa.selenium.support.ui.FluentWait.timeoutException(FluentWait.java:264)
	at org.openqa.selenium.support.ui.FluentWait.until(FluentWait.java:232)
	at tec.AC40.Suite.OrderFlow.AccuPrice(OrderFlow.java:3159)
	at sun.reflect.GeneratedMethodAccessor2.invoke(Unknown Source)
	at sun.reflect.DelegatingMethodAccessorImpl.invoke(DelegatingMethodAccessorImpl.java:43)
	at java.lang.reflect.Method.invoke(Method.java:498)
	at org.testng.internal.MethodInvocationHelper.invokeMethod(MethodInvocationHelper.java:84)
	at org.testng.internal.Invoker.invokeMethod(Invoker.java:714)
	at org.testng.internal.Invoker.invokeTestMethod(Invoker.java:901)
	at org.testng.internal.Invoker.invokeTestMethods(Invoker.java:1231)
	at org.testng.internal.TestMethodWorker.invokeTestMethods(TestMethodWorker.java:127)
	at org.testng.internal.TestMethodWorker.run(TestMethodWorker.java:111)
	at org.testng.TestRunner.privateRun(TestRunner.java:767)
	at org.testng.TestRunner.run(TestRunner.java:617)
	at org.testng.SuiteRunner.runTest(SuiteRunner.java:334)
	at org.testng.SuiteRunner.runSequentially(SuiteRunner.java:329)
	at org.testng.SuiteRunner.privateRun(SuiteRunner.java:291)
	at org.testng.SuiteRunner.run(SuiteRunner.java:240)
	at org.testng.SuiteRunnerWorker.runSuite(SuiteRunnerWorker.java:52)
	at org.testng.SuiteRunnerWorker.run(SuiteRunnerWorker.java:86)
	at org.testng.TestNG.runSuitesSequentially(TestNG.java:1224)
	at org.testng.TestNG.runSuitesLocally(TestNG.java:1149)
	at org.testng.TestNG.run(TestNG.java:1057)
	at org.testng.TestNG.privateMain(TestNG.java:1364)
	at org.testng.TestNG.main(TestNG.java:1333)
Caused by: org.openqa.selenium.NoSuchElementException: Cannot locate an element using By.id: lnkPrint
For documentation on this error, please visit: http://seleniumhq.org/exceptions/no_such_element.html
Build info: version: 'unknown', revision: '5234b32', time: '2017-03-10 09:00:17 -0800'
System info: host: 'RAMPRASAD-QA', ip: '192.168.1.79', os.name: 'Windows 10', os.arch: 'x86', os.version: '10.0', java.version: '1.8.0_161'
Driver info: driver.version: unknown
	at org.openqa.selenium.support.ui.ExpectedConditions.lambda$findElement$0(ExpectedConditions.java:899)
	at java.util.Optional.orElseThrow(Optional.java:290)
	at org.openqa.selenium.support.ui.ExpectedConditions.findElement(ExpectedConditions.java:898)
	at org.openqa.selenium.support.ui.ExpectedConditions.access$000(ExpectedConditions.java:44)
	at org.openqa.selenium.support.ui.ExpectedConditions$6.apply(ExpectedConditions.java:184)
	at org.openqa.selenium.support.ui.ExpectedConditions$6.apply(ExpectedConditions.java:181)
	at org.openqa.selenium.support.ui.FluentWait.until(FluentWait.java:209)
	... 23 more
Time Stamp : _2019-Mar-07_2-30-18_AM
 Don't kill browser
****** ****** Test Case Number --> 129.0******* *******
Starting ChromeDriver 2.36.540470 (e522d04694c7ebea4ba8821272dbef4f9b818c91) on port 24553
Only local connections are allowed.
CBT Method works
Admin Login done
** Payment button worked fine **
Edit link is working fine  
*Product Alert ok working fine*
*Product Home link pre-click *
*Product Home link fine*
Order element check box 1
Order element check box 2
6 SelectListActualShipping2 :$1.6320
Both addon prices are same
OrderFlow.IsBaseDiscountZero :true
BasePriceIncrementValue :0
Quantity11234____14
ActualDiscount-$0.0000
ExpectedDiscount-$0.0000
ActualDiscount0908hh-$0.0000
gc
mp
** CAME UP TO HERE **
org.openqa.selenium.NoSuchElementException: no such element: Unable to locate element: {"method":"xpath","selector":"//table[@id='GrayGrid']/tbody/tr[2]/td[4]"}
  (Session info: chrome=72.0.3626.119)
  (Driver info: chromedriver=2.36.540470 (e522d04694c7ebea4ba8821272dbef4f9b818c91),platform=Windows NT 10.0.16299 x86_64) (WARNING: The server did not provide any stacktrace information)
Command duration or timeout: 20.04 seconds
For documentation on this error, please visit: http://seleniumhq.org/exceptions/no_such_element.html
Build info: version: 'unknown', revision: '5234b32', time: '2017-03-10 09:00:17 -0800'
System info: host: 'RAMPRASAD-QA', ip: '192.168.1.79', os.name: 'Windows 10', os.arch: 'x86', os.version: '10.0', java.version: '1.8.0_161'
Driver info: org.openqa.selenium.chrome.ChromeDriver
Capabilities [{applicationCacheEnabled=false, rotatable=false, mobileEmulationEnabled=false, networkConnectionEnabled=false, chrome={chromedriverVersion=2.36.540470 (e522d04694c7ebea4ba8821272dbef4f9b818c91), userDataDir=C:\Users\Admin\AppData\Local\Temp\scoped_dir11612_29380}, takesHeapSnapshot=true, pageLoadStrategy=normal, databaseEnabled=false, handlesAlerts=true, hasTouchScreen=false, version=72.0.3626.119, platform=XP, browserConnectionEnabled=false, nativeEvents=true, acceptSslCerts=false, acceptInsecureCerts=false, locationContextEnabled=true, webStorageEnabled=true, browserName=chrome, takesScreenshot=true, javascriptEnabled=true, cssSelectorsEnabled=true, setWindowRect=true, unexpectedAlertBehaviour=}]
Session ID: 0058e1fe991c7677a05d862c38c830de
*** Element info: {Using=xpath, value=//table[@id='GrayGrid']/tbody/tr[2]/td[4]}
	at sun.reflect.NativeConstructorAccessorImpl.newInstance0(Native Method)
	at sun.reflect.NativeConstructorAccessorImpl.newInstance(NativeConstructorAccessorImpl.java:62)
	at sun.reflect.DelegatingConstructorAccessorImpl.newInstance(DelegatingConstructorAccessorImpl.java:45)
	at java.lang.reflect.Constructor.newInstance(Constructor.java:423)
	at org.openqa.selenium.remote.ErrorHandler.createThrowable(ErrorHandler.java:216)
	at org.openqa.selenium.remote.ErrorHandler.throwIfResponseFailed(ErrorHandler.java:168)
	at org.openqa.selenium.remote.RemoteWebDriver.execute(RemoteWebDriver.java:638)
	at org.openqa.selenium.remote.RemoteWebDriver.findElement(RemoteWebDriver.java:371)
	at org.openqa.selenium.remote.RemoteWebDriver.findElementByXPath(RemoteWebDriver.java:476)
	at org.openqa.selenium.By$ByXPath.findElement(By.java:361)
	at org.openqa.selenium.remote.RemoteWebDriver.findElement(RemoteWebDriver.java:363)
	at tec.AC40.Common.Commonclass.VerifyAppliedAndRemaingPayments(Commonclass.java:10387)
	at tec.AC40.Suite.OrderFlow.AccuPrice(OrderFlow.java:3018)
	at sun.reflect.GeneratedMethodAccessor2.invoke(Unknown Source)
	at sun.reflect.DelegatingMethodAccessorImpl.invoke(DelegatingMethodAccessorImpl.java:43)
	at java.lang.reflect.Method.invoke(Method.java:498)
	at org.testng.internal.MethodInvocationHelper.invokeMethod(MethodInvocationHelper.java:84)
	at org.testng.internal.Invoker.invokeMethod(Invoker.java:714)
	at org.testng.internal.Invoker.invokeTestMethod(Invoker.java:901)
	at org.testng.internal.Invoker.invokeTestMethods(Invoker.java:1231)
	at org.testng.internal.TestMethodWorker.invokeTestMethods(TestMethodWorker.java:127)
	at org.testng.internal.TestMethodWorker.run(TestMethodWorker.java:111)
	at org.testng.TestRunner.privateRun(TestRunner.java:767)
	at org.testng.TestRunner.run(TestRunner.java:617)
	at org.testng.SuiteRunner.runTest(SuiteRunner.java:334)
	at org.testng.SuiteRunner.runSequentially(SuiteRunner.java:329)
	at org.testng.SuiteRunner.privateRun(SuiteRunner.java:291)
	at org.testng.SuiteRunner.run(SuiteRunner.java:240)
	at org.testng.SuiteRunnerWorker.runSuite(SuiteRunnerWorker.java:52)
	at org.testng.SuiteRunnerWorker.run(SuiteRunnerWorker.java:86)
	at org.testng.TestNG.runSuitesSequentially(TestNG.java:1224)
	at org.testng.TestNG.runSuitesLocally(TestNG.java:1149)
	at org.testng.TestNG.run(TestNG.java:1057)
	at org.testng.TestNG.privateMain(TestNG.java:1364)
	at org.testng.TestNG.main(TestNG.java:1333)
Report are saved and closed
org.openqa.selenium.TimeoutException: Expected condition failed: waiting for presence of element located by: By.id: lnkPrint (tried for 500 second(s) with 1 SECONDS interval)
	at org.openqa.selenium.support.ui.FluentWait.timeoutException(FluentWait.java:264)
	at org.openqa.selenium.support.ui.FluentWait.until(FluentWait.java:232)
	at tec.AC40.Suite.OrderFlow.AccuPrice(OrderFlow.java:3159)
	at sun.reflect.GeneratedMethodAccessor2.invoke(Unknown Source)
	at sun.reflect.DelegatingMethodAccessorImpl.invoke(DelegatingMethodAccessorImpl.java:43)
	at java.lang.reflect.Method.invoke(Method.java:498)
	at org.testng.internal.MethodInvocationHelper.invokeMethod(MethodInvocationHelper.java:84)
	at org.testng.internal.Invoker.invokeMethod(Invoker.java:714)
	at org.testng.internal.Invoker.invokeTestMethod(Invoker.java:901)
	at org.testng.internal.Invoker.invokeTestMethods(Invoker.java:1231)
	at org.testng.internal.TestMethodWorker.invokeTestMethods(TestMethodWorker.java:127)
	at org.testng.internal.TestMethodWorker.run(TestMethodWorker.java:111)
	at org.testng.TestRunner.privateRun(TestRunner.java:767)
	at org.testng.TestRunner.run(TestRunner.java:617)
	at org.testng.SuiteRunner.runTest(SuiteRunner.java:334)
	at org.testng.SuiteRunner.runSequentially(SuiteRunner.java:329)
	at org.testng.SuiteRunner.privateRun(SuiteRunner.java:291)
	at org.testng.SuiteRunner.run(SuiteRunner.java:240)
	at org.testng.SuiteRunnerWorker.runSuite(SuiteRunnerWorker.java:52)
	at org.testng.SuiteRunnerWorker.run(SuiteRunnerWorker.java:86)
	at org.testng.TestNG.runSuitesSequentially(TestNG.java:1224)
	at org.testng.TestNG.runSuitesLocally(TestNG.java:1149)
	at org.testng.TestNG.run(TestNG.java:1057)
	at org.testng.TestNG.privateMain(TestNG.java:1364)
	at org.testng.TestNG.main(TestNG.java:1333)
Caused by: org.openqa.selenium.NoSuchElementException: Cannot locate an element using By.id: lnkPrint
For documentation on this error, please visit: http://seleniumhq.org/exceptions/no_such_element.html
Build info: version: 'unknown', revision: '5234b32', time: '2017-03-10 09:00:17 -0800'
System info: host: 'RAMPRASAD-QA', ip: '192.168.1.79', os.name: 'Windows 10', os.arch: 'x86', os.version: '10.0', java.version: '1.8.0_161'
Driver info: driver.version: unknown
	at org.openqa.selenium.support.ui.ExpectedConditions.lambda$findElement$0(ExpectedConditions.java:899)
	at java.util.Optional.orElseThrow(Optional.java:290)
	at org.openqa.selenium.support.ui.ExpectedConditions.findElement(ExpectedConditions.java:898)
	at org.openqa.selenium.support.ui.ExpectedConditions.access$000(ExpectedConditions.java:44)
	at org.openqa.selenium.support.ui.ExpectedConditions$6.apply(ExpectedConditions.java:184)
	at org.openqa.selenium.support.ui.ExpectedConditions$6.apply(ExpectedConditions.java:181)
	at org.openqa.selenium.support.ui.FluentWait.until(FluentWait.java:209)
	... 23 more
Time Stamp : _2019-Mar-07_3-08-22_AM
 Don't kill browser
****** ****** Test Case Number --> 130.0******* *******
Starting ChromeDriver 2.36.540470 (e522d04694c7ebea4ba8821272dbef4f9b818c91) on port 38059
Only local connections are allowed.
CBT Method works
Admin Login done
** Payment button worked fine **
Edit link is working fine  
*Product Alert ok working fine*
*Product Home link pre-click *
*Product Home link fine*
Order element check box 1
Order element check box 2
6 SelectListActualShipping2 :$1.24
Both addon prices are same
Quantity11234____11
ActualDiscount-$0.52
ExpectedDiscount-$0.52
ActualDiscount0908hh-$0.52
gc
mp
billing1Billed to :
Address 1
38345 W.10 Mile Road
City
Formington Hills
State
Texas
Country
USA
Zip
78732
Show more details
BillingAddress & BillingAddress
billing138345 W.10 Mile Road
suite 115
Formington Hills, Texas - 78732
billing1Billing Information
Address 1
38345 W.10 Mile Road
Address 2
suite 115
City
Formington Hills
State
Texas
Country
USA
Zip
78732
OrderNumber : 7183
 VO Popup Sub total price is -->$22.22
Entered into PS View orders Pop-Up
 Actual View order popup quantiy -->  11
Int Actual Qunaity -->11
**ActualQuantity**11
Both Item quantitys are same
View Order Grid Pop-Up Item prices are same
Both item Subtotals in view order grid popup values are same
Both view order grid popup Addon prices are same 
Both VOGPOPUP item Discount prices are same
VOGPOPUP shipping price is same
Both order total  Subtotals in view order grid popup values are same
ExpectedOrderDiscount6
Both VOGPOPUP order Shipping prices are same 
billing1Billing Information
Address 1
38345 W.10 Mile Road
City
Formington Hills
State
Texas
Country
USA
Zip
78732
Show more details
Payment Type
Billing
PONumber:
124
BillingAddress & BillingAddress
billing138345 W.10 Mile Road
suite 115
Formington Hills, Texas - 78732
billing1Billing Information
Address 1
38345 W.10 Mile Road
Address 2
suite 115
City
Formington Hills
State
Texas
Country
USA
Zip
78732
 VO Popup Sub total price is -->$22.22
Entered into PS View orders Pop-Up
 Actual View order popup quantiy -->  11
Int Actual Qunaity -->11
**ActualQuantity**11
Both Item quantitys are same
View Order Grid Pop-Up Item prices are same
Both item Subtotals in view order grid popup values are same
Both view order grid popup Addon prices are same 
Both VOGPOPUP item Discount prices are same
VOGPOPUP shipping price is same
Both order total  Subtotals in view order grid popup values are same
ExpectedOrderDiscount6
Both VOGPOPUP order Shipping prices are same 
billing1Billing Information
Address 1
38345 W.10 Mile Road
City
Formington Hills
State
Texas
Country
USA
Zip
78732
Show more details
Payment Type
Billing
PONumber:
124
BillingAddress & BillingAddress
billing138345 W.10 Mile Road
suite 115
Formington Hills, Texas - 78732
billing1Billing Information
Address 1
38345 W.10 Mile Road
Address 2
suite 115
City
Formington Hills
State
Texas
Country
USA
Zip
78732
 VO Popup Sub total price is -->$22.22
Entered into PS View orders Pop-Up
 Actual View order popup quantiy -->  11
Int Actual Qunaity -->11
**ActualQuantity**11
Both Item quantitys are same
View Order Grid Pop-Up Item prices are same
Both item Subtotals in view order grid popup values are same
Both view order grid popup Addon prices are same 
Both VOGPOPUP item Discount prices are same
VOGPOPUP shipping price is same
Both order total  Subtotals in view order grid popup values are same
ExpectedOrderDiscount6
Both VOGPOPUP order Shipping prices are same 
billing1Billing Information
Address 1
38345 W.10 Mile Road
City
Formington Hills
State
Texas
Country
USA
Zip
78732
Show more details
Payment Type
Billing
PONumber:
124
BillingAddress & BillingAddress
billing138345 W.10 Mile Road
suite 115
Formington Hills, Texas - 78732
billing1Billing Information
Address 1
38345 W.10 Mile Road
Address 2
suite 115
City
Formington Hills
State
Texas
Country
USA
Zip
78732
___ ___ ___ ____ _ ____ ____ ____ ______ ____ ___ ____ ____ ____ ____ ____ ____ _____ ____ _____ ____ _
**** *** **Al l the Expected values and Actual values are same, Test PASS*** *** ***
** End**

===============================================
Suite
Total tests run: 448, Failures: 0, Skips: 0
===============================================

