****** ****** Test Case Number --> 41.0******* *******
Starting ChromeDriver 2.36.540470 (e522d04694c7ebea4ba8821272dbef4f9b818c91) on port 35685
Only local connections are allowed.
Feb 14, 2019 10:01:06 PM org.openqa.selenium.remote.ProtocolHandshake createSession
INFO: Detected dialect: OSS
CBT Method works
Admin Login done
** Payment button worked fine **
Edit link is working fine  
*Product Alert ok working fine*
*Product Home link pre-click *
*Product Home link fine*
Order element check box 1
Order element check box 2
OrderFlow.IsBaseDiscountZero :false
BasePriceIncrementValue :0
Quantity11234____1
ActualDiscount-( $1.450 )
ExpectedDiscount-( $1.450 )
ActualDiscount0908hh-( $1.450 )
gc
map
billing1Billed to :
Address 1
38345 W.10 Mile Road
City
Formington Hills
State
Texas
Country
USA
Zip
78732
Show more details
BillingAddress & BillingAddress
billing138345 W.10 Mile Road
suite 115
Formington Hills, Texas - 78732
billing1Billing Information
Address 1
38345 W.10 Mile Road
Address 2
suite 115
City
Formington Hills
State
Texas
Country
USA
Zip
78732
OrderNumber : 7053
 VO Popup Sub total price is -->$20.232
Entered into PS View orders Pop-Up
 Actual View order popup quantiy -->  1
Int Actual Qunaity -->1
**ActualQuantity**1
Both Item quantitys are same
View Order Grid Pop-Up Item prices are same
Both item Subtotals in view order grid popup values are same
Both view order grid popup Addon prices are same 
OrderFlow.IsBaseDiscountZero :false
BasePriceIncrementValue :0
Both VOGPOPUP item Discount prices are same
Both order total  Subtotals in view order grid popup values are same
ExpectedOrderDiscount4
billing1Billing Information
Address 1
38345 W.10 Mile Road
City
Formington Hills
State
Texas
Country
USA
Zip
78732
Show more details
Payment Type
Co-op Fund
BillingAddress & BillingAddress
billing138345 W.10 Mile Road
suite 115
Formington Hills, Texas - 78732
billing1Billing Information
Address 1
38345 W.10 Mile Road
Address 2
suite 115
City
Formington Hills
State
Texas
Country
USA
Zip
78732
 VO Popup Sub total price is -->$20.232
Entered into PS View orders Pop-Up
 Actual View order popup quantiy -->  1
Int Actual Qunaity -->1
**ActualQuantity**1
Both Item quantitys are same
View Order Grid Pop-Up Item prices are same
Both item Subtotals in view order grid popup values are same
Both view order grid popup Addon prices are same 
OrderFlow.IsBaseDiscountZero :false
BasePriceIncrementValue :0
Both VOGPOPUP item Discount prices are same
Both order total  Subtotals in view order grid popup values are same
ExpectedOrderDiscount4
billing1Billing Information
Address 1
38345 W.10 Mile Road
City
Formington Hills
State
Texas
Country
USA
Zip
78732
Show more details
Payment Type
Co-op Fund
BillingAddress & BillingAddress
billing138345 W.10 Mile Road
suite 115
Formington Hills, Texas - 78732
billing1Billing Information
Address 1
38345 W.10 Mile Road
Address 2
suite 115
City
Formington Hills
State
Texas
Country
USA
Zip
78732
 VO Popup Sub total price is -->$20.232
Entered into PS View orders Pop-Up
 Actual View order popup quantiy -->  1
Int Actual Qunaity -->1
**ActualQuantity**1
Both Item quantitys are same
View Order Grid Pop-Up Item prices are same
Both item Subtotals in view order grid popup values are same
Both view order grid popup Addon prices are same 
OrderFlow.IsBaseDiscountZero :false
BasePriceIncrementValue :0
Both VOGPOPUP item Discount prices are same
Both order total  Subtotals in view order grid popup values are same
ExpectedOrderDiscount4
billing1Billing Information
Address 1
38345 W.10 Mile Road
City
Formington Hills
State
Texas
Country
USA
Zip
78732
Show more details
Payment Type
Co-op Fund
BillingAddress & BillingAddress
billing138345 W.10 Mile Road
suite 115
Formington Hills, Texas - 78732
billing1Billing Information
Address 1
38345 W.10 Mile Road
Address 2
suite 115
City
Formington Hills
State
Texas
Country
USA
Zip
78732
___ ___ ___ ____ _ ____ ____ ____ ______ ____ ___ ____ ____ ____ ____ ____ ____ _____ ____ _____ ____ _
**** *** **Al l the Expected values and Actual values are same, Test PASS*** *** ***
Time Stamp : _2019-Feb-14_10-40-44_PM
 Don't kill browser
****** ****** Test Case Number --> 42.0******* *******
Starting ChromeDriver 2.36.540470 (e522d04694c7ebea4ba8821272dbef4f9b818c91) on port 41227
Only local connections are allowed.
Feb 14, 2019 10:40:51 PM org.openqa.selenium.remote.ProtocolHandshake createSession
INFO: Detected dialect: OSS
CBT Method works
Admin Login done
** Payment button worked fine **
Edit link is working fine  
*Product Alert ok working fine*
*Product Home link pre-click *
*Product Home link fine*
Order element check box 1
Order element check box 2
OrderFlow.IsBaseDiscountZero :false
BasePriceIncrementValue :0
Quantity11234____1
ActualDiscount-( $1.7900 )
ExpectedDiscount-( $1.7900 )
ActualDiscount0908hh-( $1.7900 )
gc
map
billing1Billed to :
Address 1
38345 W.10 Mile Road
City
Formington Hills
State
Texas
Country
USA
Zip
78732
Show more details
BillingAddress & BillingAddress
billing138345 W.10 Mile Road
suite 115
Formington Hills, Texas - 78732
billing1Billing Information
Address 1
38345 W.10 Mile Road
Address 2
suite 115
City
Formington Hills
State
Texas
Country
USA
Zip
78732
OrderNumber : 7054
 VO Popup Sub total price is -->$30.4562
Entered into PS View orders Pop-Up
 Actual View order popup quantiy -->  1
Int Actual Qunaity -->1
**ActualQuantity**1
Both Item quantitys are same
View Order Grid Pop-Up Item prices are same
Both item Subtotals in view order grid popup values are same
Both view order grid popup Addon prices are same 
OrderFlow.IsBaseDiscountZero :false
BasePriceIncrementValue :0
Both VOGPOPUP item Discount prices are same
Both order total  Subtotals in view order grid popup values are same
ExpectedOrderDiscount4
billing1Billing Information
Address 1
38345 W.10 Mile Road
City
Formington Hills
State
Texas
Country
USA
Zip
78732
Show more details
Payment Type
Co-op Fund
BillingAddress & BillingAddress
billing138345 W.10 Mile Road
suite 115
Formington Hills, Texas - 78732
billing1Billing Information
Address 1
38345 W.10 Mile Road
Address 2
suite 115
City
Formington Hills
State
Texas
Country
USA
Zip
78732
 VO Popup Sub total price is -->$30.4562
Entered into PS View orders Pop-Up
 Actual View order popup quantiy -->  1
Int Actual Qunaity -->1
**ActualQuantity**1
Both Item quantitys are same
View Order Grid Pop-Up Item prices are same
Both item Subtotals in view order grid popup values are same
Both view order grid popup Addon prices are same 
OrderFlow.IsBaseDiscountZero :false
BasePriceIncrementValue :0
Both VOGPOPUP item Discount prices are same
Both order total  Subtotals in view order grid popup values are same
ExpectedOrderDiscount4
billing1Billing Information
Address 1
38345 W.10 Mile Road
City
Formington Hills
State
Texas
Country
USA
Zip
78732
Show more details
Payment Type
Co-op Fund
BillingAddress & BillingAddress
billing138345 W.10 Mile Road
suite 115
Formington Hills, Texas - 78732
billing1Billing Information
Address 1
38345 W.10 Mile Road
Address 2
suite 115
City
Formington Hills
State
Texas
Country
USA
Zip
78732
 VO Popup Sub total price is -->$30.4562
Entered into PS View orders Pop-Up
 Actual View order popup quantiy -->  1
Int Actual Qunaity -->1
**ActualQuantity**1
Both Item quantitys are same
View Order Grid Pop-Up Item prices are same
Both item Subtotals in view order grid popup values are same
Both view order grid popup Addon prices are same 
OrderFlow.IsBaseDiscountZero :false
BasePriceIncrementValue :0
Both VOGPOPUP item Discount prices are same
Both order total  Subtotals in view order grid popup values are same
ExpectedOrderDiscount4
billing1Billing Information
Address 1
38345 W.10 Mile Road
City
Formington Hills
State
Texas
Country
USA
Zip
78732
Show more details
Payment Type
Co-op Fund
BillingAddress & BillingAddress
billing138345 W.10 Mile Road
suite 115
Formington Hills, Texas - 78732
billing1Billing Information
Address 1
38345 W.10 Mile Road
Address 2
suite 115
City
Formington Hills
State
Texas
Country
USA
Zip
78732
___ ___ ___ ____ _ ____ ____ ____ ______ ____ ___ ____ ____ ____ ____ ____ ____ _____ ____ _____ ____ _
**** *** **Al l the Expected values and Actual values are same, Test PASS*** *** ***
Time Stamp : _2019-Feb-14_11-20-49_PM
 Don't kill browser
****** ****** Test Case Number --> 43.0******* *******
Starting ChromeDriver 2.36.540470 (e522d04694c7ebea4ba8821272dbef4f9b818c91) on port 14931
Only local connections are allowed.
Feb 14, 2019 11:20:56 PM org.openqa.selenium.remote.ProtocolHandshake createSession
INFO: Detected dialect: OSS
CBT Method works
Admin Login done
** Payment button worked fine **
Edit link is working fine  
*Product Alert ok working fine*
*Product Home link pre-click *
*Product Home link fine*
Order element check box 1
Order element check box 2
Quantity11234____1
ActualDiscount-$0.26
ExpectedDiscount-$0.26
ActualDiscount0908hh-$0.26
gc
map
** CAME UP TO HERE **
org.openqa.selenium.NoSuchElementException: no such element: Unable to locate element: {"method":"xpath","selector":"//table[@id='GrayGrid']/tbody/tr[2]/td[4]"}
  (Session info: chrome=72.0.3626.109)
  (Driver info: chromedriver=2.36.540470 (e522d04694c7ebea4ba8821272dbef4f9b818c91),platform=Windows NT 10.0.16299 x86_64) (WARNING: The server did not provide any stacktrace information)
Command duration or timeout: 20.03 seconds
For documentation on this error, please visit: http://seleniumhq.org/exceptions/no_such_element.html
Build info: version: 'unknown', revision: '5234b32', time: '2017-03-10 09:00:17 -0800'
System info: host: 'RAMPRASAD-QA', ip: '192.168.1.79', os.name: 'Windows 10', os.arch: 'x86', os.version: '10.0', java.version: '1.8.0_161'
Driver info: org.openqa.selenium.chrome.ChromeDriver
Capabilities [{applicationCacheEnabled=false, rotatable=false, mobileEmulationEnabled=false, networkConnectionEnabled=false, chrome={chromedriverVersion=2.36.540470 (e522d04694c7ebea4ba8821272dbef4f9b818c91), userDataDir=C:\Users\Admin\AppData\Local\Temp\scoped_dir5292_5346}, takesHeapSnapshot=true, pageLoadStrategy=normal, databaseEnabled=false, handlesAlerts=true, hasTouchScreen=false, version=72.0.3626.109, platform=XP, browserConnectionEnabled=false, nativeEvents=true, acceptSslCerts=false, acceptInsecureCerts=false, locationContextEnabled=true, webStorageEnabled=true, browserName=chrome, takesScreenshot=true, javascriptEnabled=true, cssSelectorsEnabled=true, setWindowRect=true, unexpectedAlertBehaviour=}]
Session ID: fe18b52d1905d10ae997fad094af9c94
*** Element info: {Using=xpath, value=//table[@id='GrayGrid']/tbody/tr[2]/td[4]}
	at sun.reflect.NativeConstructorAccessorImpl.newInstance0(Native Method)
	at sun.reflect.NativeConstructorAccessorImpl.newInstance(NativeConstructorAccessorImpl.java:62)
	at sun.reflect.DelegatingConstructorAccessorImpl.newInstance(DelegatingConstructorAccessorImpl.java:45)
	at java.lang.reflect.Constructor.newInstance(Constructor.java:423)
	at org.openqa.selenium.remote.ErrorHandler.createThrowable(ErrorHandler.java:216)
	at org.openqa.selenium.remote.ErrorHandler.throwIfResponseFailed(ErrorHandler.java:168)
	at org.openqa.selenium.remote.RemoteWebDriver.execute(RemoteWebDriver.java:638)
	at org.openqa.selenium.remote.RemoteWebDriver.findElement(RemoteWebDriver.java:371)
	at org.openqa.selenium.remote.RemoteWebDriver.findElementByXPath(RemoteWebDriver.java:476)
	at org.openqa.selenium.By$ByXPath.findElement(By.java:361)
	at org.openqa.selenium.remote.RemoteWebDriver.findElement(RemoteWebDriver.java:363)
	at tec.AC40.Common.Commonclass.VerifyAppliedAndRemaingPayments(Commonclass.java:10389)
	at tec.AC40.Suite.OrderFlow.AccuPrice(OrderFlow.java:3011)
	at sun.reflect.GeneratedMethodAccessor2.invoke(Unknown Source)
	at sun.reflect.DelegatingMethodAccessorImpl.invoke(DelegatingMethodAccessorImpl.java:43)
	at java.lang.reflect.Method.invoke(Method.java:498)
	at org.testng.internal.MethodInvocationHelper.invokeMethod(MethodInvocationHelper.java:84)
	at org.testng.internal.Invoker.invokeMethod(Invoker.java:714)
	at org.testng.internal.Invoker.invokeTestMethod(Invoker.java:901)
	at org.testng.internal.Invoker.invokeTestMethods(Invoker.java:1231)
	at org.testng.internal.TestMethodWorker.invokeTestMethods(TestMethodWorker.java:127)
	at org.testng.internal.TestMethodWorker.run(TestMethodWorker.java:111)
	at org.testng.TestRunner.privateRun(TestRunner.java:767)
	at org.testng.TestRunner.run(TestRunner.java:617)
	at org.testng.SuiteRunner.runTest(SuiteRunner.java:334)
	at org.testng.SuiteRunner.runSequentially(SuiteRunner.java:329)
	at org.testng.SuiteRunner.privateRun(SuiteRunner.java:291)
	at org.testng.SuiteRunner.run(SuiteRunner.java:240)
	at org.testng.SuiteRunnerWorker.runSuite(SuiteRunnerWorker.java:52)
	at org.testng.SuiteRunnerWorker.run(SuiteRunnerWorker.java:86)
	at org.testng.TestNG.runSuitesSequentially(TestNG.java:1224)
	at org.testng.TestNG.runSuitesLocally(TestNG.java:1149)
	at org.testng.TestNG.run(TestNG.java:1057)
	at org.testng.TestNG.privateMain(TestNG.java:1364)
	at org.testng.TestNG.main(TestNG.java:1333)
Report are saved and closed
org.openqa.selenium.TimeoutException: Expected condition failed: waiting for presence of element located by: By.id: lnkPrint (tried for 500 second(s) with 1 SECONDS interval)
	at org.openqa.selenium.support.ui.FluentWait.timeoutException(FluentWait.java:264)
	at org.openqa.selenium.support.ui.FluentWait.until(FluentWait.java:232)
	at tec.AC40.Suite.OrderFlow.AccuPrice(OrderFlow.java:3152)
	at sun.reflect.GeneratedMethodAccessor2.invoke(Unknown Source)
	at sun.reflect.DelegatingMethodAccessorImpl.invoke(DelegatingMethodAccessorImpl.java:43)
	at java.lang.reflect.Method.invoke(Method.java:498)
	at org.testng.internal.MethodInvocationHelper.invokeMethod(MethodInvocationHelper.java:84)
	at org.testng.internal.Invoker.invokeMethod(Invoker.java:714)
	at org.testng.internal.Invoker.invokeTestMethod(Invoker.java:901)
	at org.testng.internal.Invoker.invokeTestMethods(Invoker.java:1231)
	at org.testng.internal.TestMethodWorker.invokeTestMethods(TestMethodWorker.java:127)
	at org.testng.internal.TestMethodWorker.run(TestMethodWorker.java:111)
	at org.testng.TestRunner.privateRun(TestRunner.java:767)
	at org.testng.TestRunner.run(TestRunner.java:617)
	at org.testng.SuiteRunner.runTest(SuiteRunner.java:334)
	at org.testng.SuiteRunner.runSequentially(SuiteRunner.java:329)
	at org.testng.SuiteRunner.privateRun(SuiteRunner.java:291)
	at org.testng.SuiteRunner.run(SuiteRunner.java:240)
	at org.testng.SuiteRunnerWorker.runSuite(SuiteRunnerWorker.java:52)
	at org.testng.SuiteRunnerWorker.run(SuiteRunnerWorker.java:86)
	at org.testng.TestNG.runSuitesSequentially(TestNG.java:1224)
	at org.testng.TestNG.runSuitesLocally(TestNG.java:1149)
	at org.testng.TestNG.run(TestNG.java:1057)
	at org.testng.TestNG.privateMain(TestNG.java:1364)
	at org.testng.TestNG.main(TestNG.java:1333)
Caused by: org.openqa.selenium.NoSuchElementException: Cannot locate an element using By.id: lnkPrint
For documentation on this error, please visit: http://seleniumhq.org/exceptions/no_such_element.html
Build info: version: 'unknown', revision: '5234b32', time: '2017-03-10 09:00:17 -0800'
System info: host: 'RAMPRASAD-QA', ip: '192.168.1.79', os.name: 'Windows 10', os.arch: 'x86', os.version: '10.0', java.version: '1.8.0_161'
Driver info: driver.version: unknown
	at org.openqa.selenium.support.ui.ExpectedConditions.lambda$findElement$0(ExpectedConditions.java:899)
	at java.util.Optional.orElseThrow(Optional.java:290)
	at org.openqa.selenium.support.ui.ExpectedConditions.findElement(ExpectedConditions.java:898)
	at org.openqa.selenium.support.ui.ExpectedConditions.access$000(ExpectedConditions.java:44)
	at org.openqa.selenium.support.ui.ExpectedConditions$6.apply(ExpectedConditions.java:184)
	at org.openqa.selenium.support.ui.ExpectedConditions$6.apply(ExpectedConditions.java:181)
	at org.openqa.selenium.support.ui.FluentWait.until(FluentWait.java:209)
	... 23 more
Time Stamp : _2019-Feb-14_11-59-07_PM
 Don't kill browser
****** ****** Test Case Number --> 44.0******* *******
Starting ChromeDriver 2.36.540470 (e522d04694c7ebea4ba8821272dbef4f9b818c91) on port 25397
Only local connections are allowed.
Feb 14, 2019 11:59:17 PM org.openqa.selenium.remote.ProtocolHandshake createSession
INFO: Detected dialect: OSS
CBT Method works
Admin Login done
** Payment button worked fine **
Edit link is working fine  
*Product Alert ok working fine*
*Product Home link pre-click *
*Product Home link fine*
Order element check box 1
Order element check box 2
Quantity11234____1
ActualDiscount-$0.431
ExpectedDiscount-$0.431
ActualDiscount0908hh-$0.431
gc
map
** CAME UP TO HERE **
org.openqa.selenium.NoSuchElementException: no such element: Unable to locate element: {"method":"xpath","selector":"//table[@id='GrayGrid']/tbody/tr[2]/td[4]"}
  (Session info: chrome=72.0.3626.109)
  (Driver info: chromedriver=2.36.540470 (e522d04694c7ebea4ba8821272dbef4f9b818c91),platform=Windows NT 10.0.16299 x86_64) (WARNING: The server did not provide any stacktrace information)
Command duration or timeout: 20.06 seconds
For documentation on this error, please visit: http://seleniumhq.org/exceptions/no_such_element.html
Build info: version: 'unknown', revision: '5234b32', time: '2017-03-10 09:00:17 -0800'
System info: host: 'RAMPRASAD-QA', ip: '192.168.1.79', os.name: 'Windows 10', os.arch: 'x86', os.version: '10.0', java.version: '1.8.0_161'
Driver info: org.openqa.selenium.chrome.ChromeDriver
Capabilities [{applicationCacheEnabled=false, rotatable=false, mobileEmulationEnabled=false, networkConnectionEnabled=false, chrome={chromedriverVersion=2.36.540470 (e522d04694c7ebea4ba8821272dbef4f9b818c91), userDataDir=C:\Users\Admin\AppData\Local\Temp\scoped_dir4896_24575}, takesHeapSnapshot=true, pageLoadStrategy=normal, databaseEnabled=false, handlesAlerts=true, hasTouchScreen=false, version=72.0.3626.109, platform=XP, browserConnectionEnabled=false, nativeEvents=true, acceptSslCerts=false, acceptInsecureCerts=false, locationContextEnabled=true, webStorageEnabled=true, browserName=chrome, takesScreenshot=true, javascriptEnabled=true, cssSelectorsEnabled=true, setWindowRect=true, unexpectedAlertBehaviour=}]
Session ID: fb496bd426e7ec4c305c996295a9dc77
*** Element info: {Using=xpath, value=//table[@id='GrayGrid']/tbody/tr[2]/td[4]}
	at sun.reflect.NativeConstructorAccessorImpl.newInstance0(Native Method)
	at sun.reflect.NativeConstructorAccessorImpl.newInstance(NativeConstructorAccessorImpl.java:62)
	at sun.reflect.DelegatingConstructorAccessorImpl.newInstance(DelegatingConstructorAccessorImpl.java:45)
	at java.lang.reflect.Constructor.newInstance(Constructor.java:423)
	at org.openqa.selenium.remote.ErrorHandler.createThrowable(ErrorHandler.java:216)
	at org.openqa.selenium.remote.ErrorHandler.throwIfResponseFailed(ErrorHandler.java:168)
	at org.openqa.selenium.remote.RemoteWebDriver.execute(RemoteWebDriver.java:638)
	at org.openqa.selenium.remote.RemoteWebDriver.findElement(RemoteWebDriver.java:371)
	at org.openqa.selenium.remote.RemoteWebDriver.findElementByXPath(RemoteWebDriver.java:476)
	at org.openqa.selenium.By$ByXPath.findElement(By.java:361)
	at org.openqa.selenium.remote.RemoteWebDriver.findElement(RemoteWebDriver.java:363)
	at tec.AC40.Common.Commonclass.VerifyAppliedAndRemaingPayments(Commonclass.java:10389)
	at tec.AC40.Suite.OrderFlow.AccuPrice(OrderFlow.java:3011)
	at sun.reflect.GeneratedMethodAccessor2.invoke(Unknown Source)
	at sun.reflect.DelegatingMethodAccessorImpl.invoke(DelegatingMethodAccessorImpl.java:43)
	at java.lang.reflect.Method.invoke(Method.java:498)
	at org.testng.internal.MethodInvocationHelper.invokeMethod(MethodInvocationHelper.java:84)
	at org.testng.internal.Invoker.invokeMethod(Invoker.java:714)
	at org.testng.internal.Invoker.invokeTestMethod(Invoker.java:901)
	at org.testng.internal.Invoker.invokeTestMethods(Invoker.java:1231)
	at org.testng.internal.TestMethodWorker.invokeTestMethods(TestMethodWorker.java:127)
	at org.testng.internal.TestMethodWorker.run(TestMethodWorker.java:111)
	at org.testng.TestRunner.privateRun(TestRunner.java:767)
	at org.testng.TestRunner.run(TestRunner.java:617)
	at org.testng.SuiteRunner.runTest(SuiteRunner.java:334)
	at org.testng.SuiteRunner.runSequentially(SuiteRunner.java:329)
	at org.testng.SuiteRunner.privateRun(SuiteRunner.java:291)
	at org.testng.SuiteRunner.run(SuiteRunner.java:240)
	at org.testng.SuiteRunnerWorker.runSuite(SuiteRunnerWorker.java:52)
	at org.testng.SuiteRunnerWorker.run(SuiteRunnerWorker.java:86)
	at org.testng.TestNG.runSuitesSequentially(TestNG.java:1224)
	at org.testng.TestNG.runSuitesLocally(TestNG.java:1149)
	at org.testng.TestNG.run(TestNG.java:1057)
	at org.testng.TestNG.privateMain(TestNG.java:1364)
	at org.testng.TestNG.main(TestNG.java:1333)
Report are saved and closed
org.openqa.selenium.TimeoutException: Expected condition failed: waiting for presence of element located by: By.id: lnkPrint (tried for 500 second(s) with 1 SECONDS interval)
	at org.openqa.selenium.support.ui.FluentWait.timeoutException(FluentWait.java:264)
	at org.openqa.selenium.support.ui.FluentWait.until(FluentWait.java:232)
	at tec.AC40.Suite.OrderFlow.AccuPrice(OrderFlow.java:3152)
	at sun.reflect.GeneratedMethodAccessor2.invoke(Unknown Source)
	at sun.reflect.DelegatingMethodAccessorImpl.invoke(DelegatingMethodAccessorImpl.java:43)
	at java.lang.reflect.Method.invoke(Method.java:498)
	at org.testng.internal.MethodInvocationHelper.invokeMethod(MethodInvocationHelper.java:84)
	at org.testng.internal.Invoker.invokeMethod(Invoker.java:714)
	at org.testng.internal.Invoker.invokeTestMethod(Invoker.java:901)
	at org.testng.internal.Invoker.invokeTestMethods(Invoker.java:1231)
	at org.testng.internal.TestMethodWorker.invokeTestMethods(TestMethodWorker.java:127)
	at org.testng.internal.TestMethodWorker.run(TestMethodWorker.java:111)
	at org.testng.TestRunner.privateRun(TestRunner.java:767)
	at org.testng.TestRunner.run(TestRunner.java:617)
	at org.testng.SuiteRunner.runTest(SuiteRunner.java:334)
	at org.testng.SuiteRunner.runSequentially(SuiteRunner.java:329)
	at org.testng.SuiteRunner.privateRun(SuiteRunner.java:291)
	at org.testng.SuiteRunner.run(SuiteRunner.java:240)
	at org.testng.SuiteRunnerWorker.runSuite(SuiteRunnerWorker.java:52)
	at org.testng.SuiteRunnerWorker.run(SuiteRunnerWorker.java:86)
	at org.testng.TestNG.runSuitesSequentially(TestNG.java:1224)
	at org.testng.TestNG.runSuitesLocally(TestNG.java:1149)
	at org.testng.TestNG.run(TestNG.java:1057)
	at org.testng.TestNG.privateMain(TestNG.java:1364)
	at org.testng.TestNG.main(TestNG.java:1333)
Caused by: org.openqa.selenium.NoSuchElementException: Cannot locate an element using By.id: lnkPrint
For documentation on this error, please visit: http://seleniumhq.org/exceptions/no_such_element.html
Build info: version: 'unknown', revision: '5234b32', time: '2017-03-10 09:00:17 -0800'
System info: host: 'RAMPRASAD-QA', ip: '192.168.1.79', os.name: 'Windows 10', os.arch: 'x86', os.version: '10.0', java.version: '1.8.0_161'
Driver info: driver.version: unknown
	at org.openqa.selenium.support.ui.ExpectedConditions.lambda$findElement$0(ExpectedConditions.java:899)
	at java.util.Optional.orElseThrow(Optional.java:290)
	at org.openqa.selenium.support.ui.ExpectedConditions.findElement(ExpectedConditions.java:898)
	at org.openqa.selenium.support.ui.ExpectedConditions.access$000(ExpectedConditions.java:44)
	at org.openqa.selenium.support.ui.ExpectedConditions$6.apply(ExpectedConditions.java:184)
	at org.openqa.selenium.support.ui.ExpectedConditions$6.apply(ExpectedConditions.java:181)
	at org.openqa.selenium.support.ui.FluentWait.until(FluentWait.java:209)
	... 23 more
Time Stamp : _2019-Feb-15_12-38-08_AM
 Don't kill browser
****** ****** Test Case Number --> 45.0******* *******
Starting ChromeDriver 2.36.540470 (e522d04694c7ebea4ba8821272dbef4f9b818c91) on port 4494
Only local connections are allowed.
Feb 15, 2019 12:38:19 AM org.openqa.selenium.remote.ProtocolHandshake createSession
INFO: Detected dialect: OSS
CBT Method works
Admin Login done
** Payment button worked fine **
Edit link is working fine  
*Product Alert ok working fine*
*Product Home link pre-click *
*Product Home link fine*
org.openqa.selenium.WebDriverException: unknown error: Element <a id="lnk..._2191787" href="#">Edit</a> is not clickable at point (853, 294). Other element would receive the click: <div class="ui-widget-overlay ui-front"></div>
  (Session info: chrome=72.0.3626.109)
  (Driver info: chromedriver=2.36.540470 (e522d04694c7ebea4ba8821272dbef4f9b818c91),platform=Windows NT 10.0.16299 x86_64) (WARNING: The server did not provide any stacktrace information)
Command duration or timeout: 47 milliseconds
Build info: version: 'unknown', revision: '5234b32', time: '2017-03-10 09:00:17 -0800'
System info: host: 'RAMPRASAD-QA', ip: '192.168.1.79', os.name: 'Windows 10', os.arch: 'x86', os.version: '10.0', java.version: '1.8.0_161'
Driver info: org.openqa.selenium.chrome.ChromeDriver
Capabilities [{applicationCacheEnabled=false, rotatable=false, mobileEmulationEnabled=false, networkConnectionEnabled=false, chrome={chromedriverVersion=2.36.540470 (e522d04694c7ebea4ba8821272dbef4f9b818c91), userDataDir=C:\Users\Admin\AppData\Local\Temp\scoped_dir10044_27060}, takesHeapSnapshot=true, pageLoadStrategy=normal, databaseEnabled=false, handlesAlerts=true, hasTouchScreen=false, version=72.0.3626.109, platform=XP, browserConnectionEnabled=false, nativeEvents=true, acceptSslCerts=false, acceptInsecureCerts=false, locationContextEnabled=true, webStorageEnabled=true, browserName=chrome, takesScreenshot=true, javascriptEnabled=true, cssSelectorsEnabled=true, setWindowRect=true, unexpectedAlertBehaviour=}]
Session ID: 3d95f33bf88fb63851f37a0bd5f1bf96
	at sun.reflect.NativeConstructorAccessorImpl.newInstance0(Native Method)
	at sun.reflect.NativeConstructorAccessorImpl.newInstance(NativeConstructorAccessorImpl.java:62)
	at sun.reflect.DelegatingConstructorAccessorImpl.newInstance(DelegatingConstructorAccessorImpl.java:45)
	at java.lang.reflect.Constructor.newInstance(Constructor.java:423)
	at org.openqa.selenium.remote.ErrorHandler.createThrowable(ErrorHandler.java:216)
	at org.openqa.selenium.remote.ErrorHandler.throwIfResponseFailed(ErrorHandler.java:168)
	at org.openqa.selenium.remote.RemoteWebDriver.execute(RemoteWebDriver.java:638)
	at org.openqa.selenium.remote.RemoteWebElement.execute(RemoteWebElement.java:274)
	at org.openqa.selenium.remote.RemoteWebElement.click(RemoteWebElement.java:84)
	at tec.AC40.Common.Commonclass.AddonPrice(Commonclass.java:5748)
	at tec.AC40.Suite.OrderFlow.AccuPrice(OrderFlow.java:386)
	at sun.reflect.GeneratedMethodAccessor2.invoke(Unknown Source)
	at sun.reflect.DelegatingMethodAccessorImpl.invoke(DelegatingMethodAccessorImpl.java:43)
	at java.lang.reflect.Method.invoke(Method.java:498)
	at org.testng.internal.MethodInvocationHelper.invokeMethod(MethodInvocationHelper.java:84)
	at org.testng.internal.Invoker.invokeMethod(Invoker.java:714)
	at org.testng.internal.Invoker.invokeTestMethod(Invoker.java:901)
	at org.testng.internal.Invoker.invokeTestMethods(Invoker.java:1231)
	at org.testng.internal.TestMethodWorker.invokeTestMethods(TestMethodWorker.java:127)
	at org.testng.internal.TestMethodWorker.run(TestMethodWorker.java:111)
	at org.testng.TestRunner.privateRun(TestRunner.java:767)
	at org.testng.TestRunner.run(TestRunner.java:617)
	at org.testng.SuiteRunner.runTest(SuiteRunner.java:334)
	at org.testng.SuiteRunner.runSequentially(SuiteRunner.java:329)
	at org.testng.SuiteRunner.privateRun(SuiteRunner.java:291)
	at org.testng.SuiteRunner.run(SuiteRunner.java:240)
	at org.testng.SuiteRunnerWorker.runSuite(SuiteRunnerWorker.java:52)
	at org.testng.SuiteRunnerWorker.run(SuiteRunnerWorker.java:86)
	at org.testng.TestNG.runSuitesSequentially(TestNG.java:1224)
	at org.testng.TestNG.runSuitesLocally(TestNG.java:1149)
	at org.testng.TestNG.run(TestNG.java:1057)
	at org.testng.TestNG.privateMain(TestNG.java:1364)
	at org.testng.TestNG.main(TestNG.java:1333)
org.openqa.selenium.TimeoutException: Expected condition failed: waiting for element to be clickable: By.xpath: //img[contains(@src,'Company.png')] (tried for 500 second(s) with 1 SECONDS interval)
	at org.openqa.selenium.support.ui.FluentWait.timeoutException(FluentWait.java:264)
	at org.openqa.selenium.support.ui.FluentWait.until(FluentWait.java:232)
	at tec.AC40.Common.Commonclass.PostageSetting(Commonclass.java:6187)
	at tec.AC40.Suite.OrderFlow.AccuPrice(OrderFlow.java:389)
	at sun.reflect.GeneratedMethodAccessor2.invoke(Unknown Source)
	at sun.reflect.DelegatingMethodAccessorImpl.invoke(DelegatingMethodAccessorImpl.java:43)
	at java.lang.reflect.Method.invoke(Method.java:498)
	at org.testng.internal.MethodInvocationHelper.invokeMethod(MethodInvocationHelper.java:84)
	at org.testng.internal.Invoker.invokeMethod(Invoker.java:714)
	at org.testng.internal.Invoker.invokeTestMethod(Invoker.java:901)
	at org.testng.internal.Invoker.invokeTestMethods(Invoker.java:1231)
	at org.testng.internal.TestMethodWorker.invokeTestMethods(TestMethodWorker.java:127)
	at org.testng.internal.TestMethodWorker.run(TestMethodWorker.java:111)
	at org.testng.TestRunner.privateRun(TestRunner.java:767)
	at org.testng.TestRunner.run(TestRunner.java:617)
	at org.testng.SuiteRunner.runTest(SuiteRunner.java:334)
	at org.testng.SuiteRunner.runSequentially(SuiteRunner.java:329)
	at org.testng.SuiteRunner.privateRun(SuiteRunner.java:291)
	at org.testng.SuiteRunner.run(SuiteRunner.java:240)
	at org.testng.SuiteRunnerWorker.runSuite(SuiteRunnerWorker.java:52)
	at org.testng.SuiteRunnerWorker.run(SuiteRunnerWorker.java:86)
	at org.testng.TestNG.runSuitesSequentially(TestNG.java:1224)
	at org.testng.TestNG.runSuitesLocally(TestNG.java:1149)
	at org.testng.TestNG.run(TestNG.java:1057)
	at org.testng.TestNG.privateMain(TestNG.java:1364)
	at org.testng.TestNG.main(TestNG.java:1333)
Caused by: org.openqa.selenium.NoSuchElementException: Cannot locate an element using By.xpath: //img[contains(@src,'Company.png')]
For documentation on this error, please visit: http://seleniumhq.org/exceptions/no_such_element.html
Build info: version: 'unknown', revision: '5234b32', time: '2017-03-10 09:00:17 -0800'
System info: host: 'RAMPRASAD-QA', ip: '192.168.1.79', os.name: 'Windows 10', os.arch: 'x86', os.version: '10.0', java.version: '1.8.0_161'
Driver info: driver.version: unknown
	at org.openqa.selenium.support.ui.ExpectedConditions.lambda$findElement$0(ExpectedConditions.java:899)
	at java.util.Optional.orElseThrow(Optional.java:290)
	at org.openqa.selenium.support.ui.ExpectedConditions.findElement(ExpectedConditions.java:898)
	at org.openqa.selenium.support.ui.ExpectedConditions.access$000(ExpectedConditions.java:44)
	at org.openqa.selenium.support.ui.ExpectedConditions$7.apply(ExpectedConditions.java:208)
	at org.openqa.selenium.support.ui.ExpectedConditions$7.apply(ExpectedConditions.java:204)
	at org.openqa.selenium.support.ui.ExpectedConditions$22.apply(ExpectedConditions.java:654)
	at org.openqa.selenium.support.ui.ExpectedConditions$22.apply(ExpectedConditions.java:647)
	at org.openqa.selenium.support.ui.FluentWait.until(FluentWait.java:209)
	... 24 more
org.openqa.selenium.TimeoutException: Expected condition failed: waiting for presence of element located by: By.xpath: //img[contains(@src,'Products_Icon.png')] (tried for 500 second(s) with 1 SECONDS interval)
	at org.openqa.selenium.support.ui.FluentWait.timeoutException(FluentWait.java:264)
	at org.openqa.selenium.support.ui.FluentWait.until(FluentWait.java:232)
	at tec.AC40.Common.Commonclass.CouponCodePrice(Commonclass.java:7180)
	at tec.AC40.Suite.OrderFlow.AccuPrice(OrderFlow.java:392)
	at sun.reflect.GeneratedMethodAccessor2.invoke(Unknown Source)
	at sun.reflect.DelegatingMethodAccessorImpl.invoke(DelegatingMethodAccessorImpl.java:43)
	at java.lang.reflect.Method.invoke(Method.java:498)
	at org.testng.internal.MethodInvocationHelper.invokeMethod(MethodInvocationHelper.java:84)
	at org.testng.internal.Invoker.invokeMethod(Invoker.java:714)
	at org.testng.internal.Invoker.invokeTestMethod(Invoker.java:901)
	at org.testng.internal.Invoker.invokeTestMethods(Invoker.java:1231)
	at org.testng.internal.TestMethodWorker.invokeTestMethods(TestMethodWorker.java:127)
	at org.testng.internal.TestMethodWorker.run(TestMethodWorker.java:111)
	at org.testng.TestRunner.privateRun(TestRunner.java:767)
	at org.testng.TestRunner.run(TestRunner.java:617)
	at org.testng.SuiteRunner.runTest(SuiteRunner.java:334)
	at org.testng.SuiteRunner.runSequentially(SuiteRunner.java:329)
	at org.testng.SuiteRunner.privateRun(SuiteRunner.java:291)
	at org.testng.SuiteRunner.run(SuiteRunner.java:240)
	at org.testng.SuiteRunnerWorker.runSuite(SuiteRunnerWorker.java:52)
	at org.testng.SuiteRunnerWorker.run(SuiteRunnerWorker.java:86)
	at org.testng.TestNG.runSuitesSequentially(TestNG.java:1224)
	at org.testng.TestNG.runSuitesLocally(TestNG.java:1149)
	at org.testng.TestNG.run(TestNG.java:1057)
	at org.testng.TestNG.privateMain(TestNG.java:1364)
	at org.testng.TestNG.main(TestNG.java:1333)
Caused by: org.openqa.selenium.NoSuchElementException: Cannot locate an element using By.xpath: //img[contains(@src,'Products_Icon.png')]
For documentation on this error, please visit: http://seleniumhq.org/exceptions/no_such_element.html
Build info: version: 'unknown', revision: '5234b32', time: '2017-03-10 09:00:17 -0800'
System info: host: 'RAMPRASAD-QA', ip: '192.168.1.79', os.name: 'Windows 10', os.arch: 'x86', os.version: '10.0', java.version: '1.8.0_161'
Driver info: driver.version: unknown
	at org.openqa.selenium.support.ui.ExpectedConditions.lambda$findElement$0(ExpectedConditions.java:899)
	at java.util.Optional.orElseThrow(Optional.java:290)
	at org.openqa.selenium.support.ui.ExpectedConditions.findElement(ExpectedConditions.java:898)
	at org.openqa.selenium.support.ui.ExpectedConditions.access$000(ExpectedConditions.java:44)
	at org.openqa.selenium.support.ui.ExpectedConditions$6.apply(ExpectedConditions.java:184)
	at org.openqa.selenium.support.ui.ExpectedConditions$6.apply(ExpectedConditions.java:181)
	at org.openqa.selenium.support.ui.FluentWait.until(FluentWait.java:209)
	... 24 more
org.openqa.selenium.TimeoutException: Expected condition failed: waiting for presence of element located by: By.xpath: //img[contains(@src,'Company.png')] (tried for 500 second(s) with 1 SECONDS interval)
	at org.openqa.selenium.support.ui.FluentWait.timeoutException(FluentWait.java:264)
	at org.openqa.selenium.support.ui.FluentWait.until(FluentWait.java:232)
	at tec.AC40.Common.Commonclass.TaxSettings(Commonclass.java:7409)
	at tec.AC40.Suite.OrderFlow.AccuPrice(OrderFlow.java:409)
	at sun.reflect.GeneratedMethodAccessor2.invoke(Unknown Source)
	at sun.reflect.DelegatingMethodAccessorImpl.invoke(DelegatingMethodAccessorImpl.java:43)
	at java.lang.reflect.Method.invoke(Method.java:498)
	at org.testng.internal.MethodInvocationHelper.invokeMethod(MethodInvocationHelper.java:84)
	at org.testng.internal.Invoker.invokeMethod(Invoker.java:714)
	at org.testng.internal.Invoker.invokeTestMethod(Invoker.java:901)
	at org.testng.internal.Invoker.invokeTestMethods(Invoker.java:1231)
	at org.testng.internal.TestMethodWorker.invokeTestMethods(TestMethodWorker.java:127)
	at org.testng.internal.TestMethodWorker.run(TestMethodWorker.java:111)
	at org.testng.TestRunner.privateRun(TestRunner.java:767)
	at org.testng.TestRunner.run(TestRunner.java:617)
	at org.testng.SuiteRunner.runTest(SuiteRunner.java:334)
	at org.testng.SuiteRunner.runSequentially(SuiteRunner.java:329)
	at org.testng.SuiteRunner.privateRun(SuiteRunner.java:291)
	at org.testng.SuiteRunner.run(SuiteRunner.java:240)
	at org.testng.SuiteRunnerWorker.runSuite(SuiteRunnerWorker.java:52)
	at org.testng.SuiteRunnerWorker.run(SuiteRunnerWorker.java:86)
	at org.testng.TestNG.runSuitesSequentially(TestNG.java:1224)
	at org.testng.TestNG.runSuitesLocally(TestNG.java:1149)
	at org.testng.TestNG.run(TestNG.java:1057)
	at org.testng.TestNG.privateMain(TestNG.java:1364)
	at org.testng.TestNG.main(TestNG.java:1333)
Caused by: org.openqa.selenium.NoSuchElementException: Cannot locate an element using By.xpath: //img[contains(@src,'Company.png')]
For documentation on this error, please visit: http://seleniumhq.org/exceptions/no_such_element.html
Build info: version: 'unknown', revision: '5234b32', time: '2017-03-10 09:00:17 -0800'
System info: host: 'RAMPRASAD-QA', ip: '192.168.1.79', os.name: 'Windows 10', os.arch: 'x86', os.version: '10.0', java.version: '1.8.0_161'
Driver info: driver.version: unknown
	at org.openqa.selenium.support.ui.ExpectedConditions.lambda$findElement$0(ExpectedConditions.java:899)
	at java.util.Optional.orElseThrow(Optional.java:290)
	at org.openqa.selenium.support.ui.ExpectedConditions.findElement(ExpectedConditions.java:898)
	at org.openqa.selenium.support.ui.ExpectedConditions.access$000(ExpectedConditions.java:44)
	at org.openqa.selenium.support.ui.ExpectedConditions$6.apply(ExpectedConditions.java:184)
	at org.openqa.selenium.support.ui.ExpectedConditions$6.apply(ExpectedConditions.java:181)
	at org.openqa.selenium.support.ui.FluentWait.until(FluentWait.java:209)
	... 24 more
org.openqa.selenium.TimeoutException: Expected condition failed: waiting for presence of element located by: By.xpath: //img[contains(@src,'Products_Icon.png')] (tried for 500 second(s) with 1 SECONDS interval)
	at org.openqa.selenium.support.ui.FluentWait.timeoutException(FluentWait.java:264)
	at org.openqa.selenium.support.ui.FluentWait.until(FluentWait.java:232)
	at tec.AC40.Common.Commonclass.DownloadPriceSetting(Commonclass.java:4691)
	at tec.AC40.Suite.OrderFlow.AccuPrice(OrderFlow.java:438)
	at sun.reflect.GeneratedMethodAccessor2.invoke(Unknown Source)
	at sun.reflect.DelegatingMethodAccessorImpl.invoke(DelegatingMethodAccessorImpl.java:43)
	at java.lang.reflect.Method.invoke(Method.java:498)
	at org.testng.internal.MethodInvocationHelper.invokeMethod(MethodInvocationHelper.java:84)
	at org.testng.internal.Invoker.invokeMethod(Invoker.java:714)
	at org.testng.internal.Invoker.invokeTestMethod(Invoker.java:901)
	at org.testng.internal.Invoker.invokeTestMethods(Invoker.java:1231)
	at org.testng.internal.TestMethodWorker.invokeTestMethods(TestMethodWorker.java:127)
	at org.testng.internal.TestMethodWorker.run(TestMethodWorker.java:111)
	at org.testng.TestRunner.privateRun(TestRunner.java:767)
	at org.testng.TestRunner.run(TestRunner.java:617)
	at org.testng.SuiteRunner.runTest(SuiteRunner.java:334)
	at org.testng.SuiteRunner.runSequentially(SuiteRunner.java:329)
	at org.testng.SuiteRunner.privateRun(SuiteRunner.java:291)
	at org.testng.SuiteRunner.run(SuiteRunner.java:240)
	at org.testng.SuiteRunnerWorker.runSuite(SuiteRunnerWorker.java:52)
	at org.testng.SuiteRunnerWorker.run(SuiteRunnerWorker.java:86)
	at org.testng.TestNG.runSuitesSequentially(TestNG.java:1224)
	at org.testng.TestNG.runSuitesLocally(TestNG.java:1149)
	at org.testng.TestNG.run(TestNG.java:1057)
	at org.testng.TestNG.privateMain(TestNG.java:1364)
	at org.testng.TestNG.main(TestNG.java:1333)
Caused by: org.openqa.selenium.NoSuchElementException: Cannot locate an element using By.xpath: //img[contains(@src,'Products_Icon.png')]
For documentation on this error, please visit: http://seleniumhq.org/exceptions/no_such_element.html
Build info: version: 'unknown', revision: '5234b32', time: '2017-03-10 09:00:17 -0800'
System info: host: 'RAMPRASAD-QA', ip: '192.168.1.79', os.name: 'Windows 10', os.arch: 'x86', os.version: '10.0', java.version: '1.8.0_161'
Driver info: driver.version: unknown
	at org.openqa.selenium.support.ui.ExpectedConditions.lambda$findElement$0(ExpectedConditions.java:899)
	at java.util.Optional.orElseThrow(Optional.java:290)
	at org.openqa.selenium.support.ui.ExpectedConditions.findElement(ExpectedConditions.java:898)
	at org.openqa.selenium.support.ui.ExpectedConditions.access$000(ExpectedConditions.java:44)
	at org.openqa.selenium.support.ui.ExpectedConditions$6.apply(ExpectedConditions.java:184)
	at org.openqa.selenium.support.ui.ExpectedConditions$6.apply(ExpectedConditions.java:181)
	at org.openqa.selenium.support.ui.FluentWait.until(FluentWait.java:209)
	... 24 more
org.openqa.selenium.TimeoutException: Expected condition failed: waiting for presence of element located by: By.xpath: //img[contains(@src,'Products_Icon.png')] (tried for 500 second(s) with 1 SECONDS interval)
	at org.openqa.selenium.support.ui.FluentWait.timeoutException(FluentWait.java:264)
	at org.openqa.selenium.support.ui.FluentWait.until(FluentWait.java:232)
	at tec.AC40.Common.Commonclass.IsTaxExemptSettings(Commonclass.java:6429)
	at tec.AC40.Suite.OrderFlow.AccuPrice(OrderFlow.java:466)
	at sun.reflect.GeneratedMethodAccessor2.invoke(Unknown Source)
	at sun.reflect.DelegatingMethodAccessorImpl.invoke(DelegatingMethodAccessorImpl.java:43)
	at java.lang.reflect.Method.invoke(Method.java:498)
	at org.testng.internal.MethodInvocationHelper.invokeMethod(MethodInvocationHelper.java:84)
	at org.testng.internal.Invoker.invokeMethod(Invoker.java:714)
	at org.testng.internal.Invoker.invokeTestMethod(Invoker.java:901)
	at org.testng.internal.Invoker.invokeTestMethods(Invoker.java:1231)
	at org.testng.internal.TestMethodWorker.invokeTestMethods(TestMethodWorker.java:127)
	at org.testng.internal.TestMethodWorker.run(TestMethodWorker.java:111)
	at org.testng.TestRunner.privateRun(TestRunner.java:767)
	at org.testng.TestRunner.run(TestRunner.java:617)
	at org.testng.SuiteRunner.runTest(SuiteRunner.java:334)
	at org.testng.SuiteRunner.runSequentially(SuiteRunner.java:329)
	at org.testng.SuiteRunner.privateRun(SuiteRunner.java:291)
	at org.testng.SuiteRunner.run(SuiteRunner.java:240)
	at org.testng.SuiteRunnerWorker.runSuite(SuiteRunnerWorker.java:52)
	at org.testng.SuiteRunnerWorker.run(SuiteRunnerWorker.java:86)
	at org.testng.TestNG.runSuitesSequentially(TestNG.java:1224)
	at org.testng.TestNG.runSuitesLocally(TestNG.java:1149)
	at org.testng.TestNG.run(TestNG.java:1057)
	at org.testng.TestNG.privateMain(TestNG.java:1364)
	at org.testng.TestNG.main(TestNG.java:1333)
Caused by: org.openqa.selenium.NoSuchElementException: Cannot locate an element using By.xpath: //img[contains(@src,'Products_Icon.png')]
For documentation on this error, please visit: http://seleniumhq.org/exceptions/no_such_element.html
Build info: version: 'unknown', revision: '5234b32', time: '2017-03-10 09:00:17 -0800'
System info: host: 'RAMPRASAD-QA', ip: '192.168.1.79', os.name: 'Windows 10', os.arch: 'x86', os.version: '10.0', java.version: '1.8.0_161'
Driver info: driver.version: unknown
	at org.openqa.selenium.support.ui.ExpectedConditions.lambda$findElement$0(ExpectedConditions.java:899)
	at java.util.Optional.orElseThrow(Optional.java:290)
	at org.openqa.selenium.support.ui.ExpectedConditions.findElement(ExpectedConditions.java:898)
	at org.openqa.selenium.support.ui.ExpectedConditions.access$000(ExpectedConditions.java:44)
	at org.openqa.selenium.support.ui.ExpectedConditions$6.apply(ExpectedConditions.java:184)
	at org.openqa.selenium.support.ui.ExpectedConditions$6.apply(ExpectedConditions.java:181)
	at org.openqa.selenium.support.ui.FluentWait.until(FluentWait.java:209)
	... 24 more
org.openqa.selenium.TimeoutException: Expected condition failed: waiting for presence of element located by: By.xpath: //img[contains(@src,'Company.png')] (tried for 500 second(s) with 1 SECONDS interval)
	at org.openqa.selenium.support.ui.FluentWait.timeoutException(FluentWait.java:264)
	at org.openqa.selenium.support.ui.FluentWait.until(FluentWait.java:232)
	at tec.AC40.Common.Commonclass.deleteingfullfillmentdetails(Commonclass.java:8039)
	at tec.AC40.Suite.OrderFlow.AccuPrice(OrderFlow.java:481)
	at sun.reflect.GeneratedMethodAccessor2.invoke(Unknown Source)
	at sun.reflect.DelegatingMethodAccessorImpl.invoke(DelegatingMethodAccessorImpl.java:43)
	at java.lang.reflect.Method.invoke(Method.java:498)
	at org.testng.internal.MethodInvocationHelper.invokeMethod(MethodInvocationHelper.java:84)
	at org.testng.internal.Invoker.invokeMethod(Invoker.java:714)
	at org.testng.internal.Invoker.invokeTestMethod(Invoker.java:901)
	at org.testng.internal.Invoker.invokeTestMethods(Invoker.java:1231)
	at org.testng.internal.TestMethodWorker.invokeTestMethods(TestMethodWorker.java:127)
	at org.testng.internal.TestMethodWorker.run(TestMethodWorker.java:111)
	at org.testng.TestRunner.privateRun(TestRunner.java:767)
	at org.testng.TestRunner.run(TestRunner.java:617)
	at org.testng.SuiteRunner.runTest(SuiteRunner.java:334)
	at org.testng.SuiteRunner.runSequentially(SuiteRunner.java:329)
	at org.testng.SuiteRunner.privateRun(SuiteRunner.java:291)
	at org.testng.SuiteRunner.run(SuiteRunner.java:240)
	at org.testng.SuiteRunnerWorker.runSuite(SuiteRunnerWorker.java:52)
	at org.testng.SuiteRunnerWorker.run(SuiteRunnerWorker.java:86)
	at org.testng.TestNG.runSuitesSequentially(TestNG.java:1224)
	at org.testng.TestNG.runSuitesLocally(TestNG.java:1149)
	at org.testng.TestNG.run(TestNG.java:1057)
	at org.testng.TestNG.privateMain(TestNG.java:1364)
	at org.testng.TestNG.main(TestNG.java:1333)
Caused by: org.openqa.selenium.NoSuchElementException: Cannot locate an element using By.xpath: //img[contains(@src,'Company.png')]
For documentation on this error, please visit: http://seleniumhq.org/exceptions/no_such_element.html
Build info: version: 'unknown', revision: '5234b32', time: '2017-03-10 09:00:17 -0800'
System info: host: 'RAMPRASAD-QA', ip: '192.168.1.79', os.name: 'Windows 10', os.arch: 'x86', os.version: '10.0', java.version: '1.8.0_161'
Driver info: driver.version: unknown
	at org.openqa.selenium.support.ui.ExpectedConditions.lambda$findElement$0(ExpectedConditions.java:899)
	at java.util.Optional.orElseThrow(Optional.java:290)
	at org.openqa.selenium.support.ui.ExpectedConditions.findElement(ExpectedConditions.java:898)
	at org.openqa.selenium.support.ui.ExpectedConditions.access$000(ExpectedConditions.java:44)
	at org.openqa.selenium.support.ui.ExpectedConditions$6.apply(ExpectedConditions.java:184)
	at org.openqa.selenium.support.ui.ExpectedConditions$6.apply(ExpectedConditions.java:181)
	at org.openqa.selenium.support.ui.FluentWait.until(FluentWait.java:209)
	... 24 more
org.openqa.selenium.TimeoutException: Expected condition failed: waiting for element to be clickable: By.linkText: Miscellaneous (tried for 500 second(s) with 1 SECONDS interval)
	at org.openqa.selenium.support.ui.FluentWait.timeoutException(FluentWait.java:264)
	at org.openqa.selenium.support.ui.FluentWait.until(FluentWait.java:232)
	at tec.AC40.Common.Commonclass.OrderElementsSettings(Commonclass.java:18053)
	at tec.AC40.Suite.OrderFlow.AccuPrice(OrderFlow.java:486)
	at sun.reflect.GeneratedMethodAccessor2.invoke(Unknown Source)
	at sun.reflect.DelegatingMethodAccessorImpl.invoke(DelegatingMethodAccessorImpl.java:43)
	at java.lang.reflect.Method.invoke(Method.java:498)
	at org.testng.internal.MethodInvocationHelper.invokeMethod(MethodInvocationHelper.java:84)
	at org.testng.internal.Invoker.invokeMethod(Invoker.java:714)
	at org.testng.internal.Invoker.invokeTestMethod(Invoker.java:901)
	at org.testng.internal.Invoker.invokeTestMethods(Invoker.java:1231)
	at org.testng.internal.TestMethodWorker.invokeTestMethods(TestMethodWorker.java:127)
	at org.testng.internal.TestMethodWorker.run(TestMethodWorker.java:111)
	at org.testng.TestRunner.privateRun(TestRunner.java:767)
	at org.testng.TestRunner.run(TestRunner.java:617)
	at org.testng.SuiteRunner.runTest(SuiteRunner.java:334)
	at org.testng.SuiteRunner.runSequentially(SuiteRunner.java:329)
	at org.testng.SuiteRunner.privateRun(SuiteRunner.java:291)
	at org.testng.SuiteRunner.run(SuiteRunner.java:240)
	at org.testng.SuiteRunnerWorker.runSuite(SuiteRunnerWorker.java:52)
	at org.testng.SuiteRunnerWorker.run(SuiteRunnerWorker.java:86)
	at org.testng.TestNG.runSuitesSequentially(TestNG.java:1224)
	at org.testng.TestNG.runSuitesLocally(TestNG.java:1149)
	at org.testng.TestNG.run(TestNG.java:1057)
	at org.testng.TestNG.privateMain(TestNG.java:1364)
	at org.testng.TestNG.main(TestNG.java:1333)
Caused by: org.openqa.selenium.NoSuchElementException: Cannot locate an element using By.linkText: Miscellaneous
For documentation on this error, please visit: http://seleniumhq.org/exceptions/no_such_element.html
Build info: version: 'unknown', revision: '5234b32', time: '2017-03-10 09:00:17 -0800'
System info: host: 'RAMPRASAD-QA', ip: '192.168.1.79', os.name: 'Windows 10', os.arch: 'x86', os.version: '10.0', java.version: '1.8.0_161'
Driver info: driver.version: unknown
	at org.openqa.selenium.support.ui.ExpectedConditions.lambda$findElement$0(ExpectedConditions.java:899)
	at java.util.Optional.orElseThrow(Optional.java:290)
	at org.openqa.selenium.support.ui.ExpectedConditions.findElement(ExpectedConditions.java:898)
	at org.openqa.selenium.support.ui.ExpectedConditions.access$000(ExpectedConditions.java:44)
	at org.openqa.selenium.support.ui.ExpectedConditions$7.apply(ExpectedConditions.java:208)
	at org.openqa.selenium.support.ui.ExpectedConditions$7.apply(ExpectedConditions.java:204)
	at org.openqa.selenium.support.ui.ExpectedConditions$22.apply(ExpectedConditions.java:654)
	at org.openqa.selenium.support.ui.ExpectedConditions$22.apply(ExpectedConditions.java:647)
	at org.openqa.selenium.support.ui.FluentWait.until(FluentWait.java:209)
	... 24 more
Quantity11234____1
<----- View Summary Both subtotals are different ----->9
Actual subtotal is : $13.2560
Expected subtotal is : $14.2365
ActualDiscount-$0.6045
ExpectedDiscount-$0.6492
ActualDiscount0908hh-$0.6045
<------ View Summary Both Discount prices are different ------>10
Actual Discount price is : -$0.6045
Expected Discount price is : -$0.6492
<------View Summary Both Download Priceses are different ----->11
AcutalDownloadPrice is :$13.2560
ExpectedDownloadPrice is :$14.2365
<------View Summary Both Total values are different ----->12
Actual total value is :$12.6515
Expected total value is :$13.5873
<---------Shopping cart  Both Total values are different -------->13
Actual total value is :$12.6515
Expected total value is :$13.5873
<---------- Shopping cart Both Total values are different ---------->14
Actual total value is :$12.6515
Expected total value is :$13.5873
<------- Order Checkout Both Item prices are different --------> 15
ActualOCItemPrice : $13.2560
ExpectedItemPrice : $14.2365
gc
map
<---------- Order Checkout Both Amounts are different1 ------------>16
ActualOCAmount : $12.6515
ExpectedAmount : $13.5873
<----------- Order Checkout Both SubTotals are different ---------->17
ActualOCSubTotal : $12.6515
ExpectedAmount : $13.5873
<-------- Order Checkout Both Promotion discounts are different ---------->18
ActualOCPromotionDiscount : -$1.2300
ExpectedPromotionDiscount : -$2.3600
<------------- Order Checkout Both Tax percentages are different ------------>19
ActualOCTaxPercentage : (1.2500%)
ExpectedTaxpercentage : (7.8900%)
<---------- Order Checkout Both Tax amounts are different ------------->20
ActualOCTaxAmount : $0.1428
ExpectedTaxAmount : $0.8858
<------------ Order Checkout Both GrandTotal Amounts are different ----------->21
ActualOCTotal : $11.5643
ExpectedTotal : $12.1131
** CAME UP TO HERE **
org.openqa.selenium.NoSuchElementException: no such element: Unable to locate element: {"method":"xpath","selector":"//table[@id='GrayGrid']/tbody/tr[2]/td[4]"}
  (Session info: chrome=72.0.3626.109)
  (Driver info: chromedriver=2.36.540470 (e522d04694c7ebea4ba8821272dbef4f9b818c91),platform=Windows NT 10.0.16299 x86_64) (WARNING: The server did not provide any stacktrace information)
Command duration or timeout: 20.07 seconds
For documentation on this error, please visit: http://seleniumhq.org/exceptions/no_such_element.html
Build info: version: 'unknown', revision: '5234b32', time: '2017-03-10 09:00:17 -0800'
System info: host: 'RAMPRASAD-QA', ip: '192.168.1.79', os.name: 'Windows 10', os.arch: 'x86', os.version: '10.0', java.version: '1.8.0_161'
Driver info: org.openqa.selenium.chrome.ChromeDriver
Capabilities [{applicationCacheEnabled=false, rotatable=false, mobileEmulationEnabled=false, networkConnectionEnabled=false, chrome={chromedriverVersion=2.36.540470 (e522d04694c7ebea4ba8821272dbef4f9b818c91), userDataDir=C:\Users\Admin\AppData\Local\Temp\scoped_dir10044_27060}, takesHeapSnapshot=true, pageLoadStrategy=normal, databaseEnabled=false, handlesAlerts=true, hasTouchScreen=false, version=72.0.3626.109, platform=XP, browserConnectionEnabled=false, nativeEvents=true, acceptSslCerts=false, acceptInsecureCerts=false, locationContextEnabled=true, webStorageEnabled=true, browserName=chrome, takesScreenshot=true, javascriptEnabled=true, cssSelectorsEnabled=true, setWindowRect=true, unexpectedAlertBehaviour=}]
Session ID: 3d95f33bf88fb63851f37a0bd5f1bf96
*** Element info: {Using=xpath, value=//table[@id='GrayGrid']/tbody/tr[2]/td[4]}
	at sun.reflect.NativeConstructorAccessorImpl.newInstance0(Native Method)
	at sun.reflect.NativeConstructorAccessorImpl.newInstance(NativeConstructorAccessorImpl.java:62)
	at sun.reflect.DelegatingConstructorAccessorImpl.newInstance(DelegatingConstructorAccessorImpl.java:45)
	at java.lang.reflect.Constructor.newInstance(Constructor.java:423)
	at org.openqa.selenium.remote.ErrorHandler.createThrowable(ErrorHandler.java:216)
	at org.openqa.selenium.remote.ErrorHandler.throwIfResponseFailed(ErrorHandler.java:168)
	at org.openqa.selenium.remote.RemoteWebDriver.execute(RemoteWebDriver.java:638)
	at org.openqa.selenium.remote.RemoteWebDriver.findElement(RemoteWebDriver.java:371)
	at org.openqa.selenium.remote.RemoteWebDriver.findElementByXPath(RemoteWebDriver.java:476)
	at org.openqa.selenium.By$ByXPath.findElement(By.java:361)
	at org.openqa.selenium.remote.RemoteWebDriver.findElement(RemoteWebDriver.java:363)
	at tec.AC40.Common.Commonclass.VerifyAppliedAndRemaingPayments(Commonclass.java:10389)
	at tec.AC40.Suite.OrderFlow.AccuPrice(OrderFlow.java:3011)
	at sun.reflect.GeneratedMethodAccessor2.invoke(Unknown Source)
	at sun.reflect.DelegatingMethodAccessorImpl.invoke(DelegatingMethodAccessorImpl.java:43)
	at java.lang.reflect.Method.invoke(Method.java:498)
	at org.testng.internal.MethodInvocationHelper.invokeMethod(MethodInvocationHelper.java:84)
	at org.testng.internal.Invoker.invokeMethod(Invoker.java:714)
	at org.testng.internal.Invoker.invokeTestMethod(Invoker.java:901)
	at org.testng.internal.Invoker.invokeTestMethods(Invoker.java:1231)
	at org.testng.internal.TestMethodWorker.invokeTestMethods(TestMethodWorker.java:127)
	at org.testng.internal.TestMethodWorker.run(TestMethodWorker.java:111)
	at org.testng.TestRunner.privateRun(TestRunner.java:767)
	at org.testng.TestRunner.run(TestRunner.java:617)
	at org.testng.SuiteRunner.runTest(SuiteRunner.java:334)
	at org.testng.SuiteRunner.runSequentially(SuiteRunner.java:329)
	at org.testng.SuiteRunner.privateRun(SuiteRunner.java:291)
	at org.testng.SuiteRunner.run(SuiteRunner.java:240)
	at org.testng.SuiteRunnerWorker.runSuite(SuiteRunnerWorker.java:52)
	at org.testng.SuiteRunnerWorker.run(SuiteRunnerWorker.java:86)
	at org.testng.TestNG.runSuitesSequentially(TestNG.java:1224)
	at org.testng.TestNG.runSuitesLocally(TestNG.java:1149)
	at org.testng.TestNG.run(TestNG.java:1057)
	at org.testng.TestNG.privateMain(TestNG.java:1364)
	at org.testng.TestNG.main(TestNG.java:1333)
Report are saved and closed
org.openqa.selenium.TimeoutException: Expected condition failed: waiting for presence of element located by: By.id: lnkPrint (tried for 500 second(s) with 1 SECONDS interval)
	at org.openqa.selenium.support.ui.FluentWait.timeoutException(FluentWait.java:264)
	at org.openqa.selenium.support.ui.FluentWait.until(FluentWait.java:232)
	at tec.AC40.Suite.OrderFlow.AccuPrice(OrderFlow.java:3152)
	at sun.reflect.GeneratedMethodAccessor2.invoke(Unknown Source)
	at sun.reflect.DelegatingMethodAccessorImpl.invoke(DelegatingMethodAccessorImpl.java:43)
	at java.lang.reflect.Method.invoke(Method.java:498)
	at org.testng.internal.MethodInvocationHelper.invokeMethod(MethodInvocationHelper.java:84)
	at org.testng.internal.Invoker.invokeMethod(Invoker.java:714)
	at org.testng.internal.Invoker.invokeTestMethod(Invoker.java:901)
	at org.testng.internal.Invoker.invokeTestMethods(Invoker.java:1231)
	at org.testng.internal.TestMethodWorker.invokeTestMethods(TestMethodWorker.java:127)
	at org.testng.internal.TestMethodWorker.run(TestMethodWorker.java:111)
	at org.testng.TestRunner.privateRun(TestRunner.java:767)
	at org.testng.TestRunner.run(TestRunner.java:617)
	at org.testng.SuiteRunner.runTest(SuiteRunner.java:334)
	at org.testng.SuiteRunner.runSequentially(SuiteRunner.java:329)
	at org.testng.SuiteRunner.privateRun(SuiteRunner.java:291)
	at org.testng.SuiteRunner.run(SuiteRunner.java:240)
	at org.testng.SuiteRunnerWorker.runSuite(SuiteRunnerWorker.java:52)
	at org.testng.SuiteRunnerWorker.run(SuiteRunnerWorker.java:86)
	at org.testng.TestNG.runSuitesSequentially(TestNG.java:1224)
	at org.testng.TestNG.runSuitesLocally(TestNG.java:1149)
	at org.testng.TestNG.run(TestNG.java:1057)
	at org.testng.TestNG.privateMain(TestNG.java:1364)
	at org.testng.TestNG.main(TestNG.java:1333)
Caused by: org.openqa.selenium.NoSuchElementException: Cannot locate an element using By.id: lnkPrint
For documentation on this error, please visit: http://seleniumhq.org/exceptions/no_such_element.html
Build info: version: 'unknown', revision: '5234b32', time: '2017-03-10 09:00:17 -0800'
System info: host: 'RAMPRASAD-QA', ip: '192.168.1.79', os.name: 'Windows 10', os.arch: 'x86', os.version: '10.0', java.version: '1.8.0_161'
Driver info: driver.version: unknown
	at org.openqa.selenium.support.ui.ExpectedConditions.lambda$findElement$0(ExpectedConditions.java:899)
	at java.util.Optional.orElseThrow(Optional.java:290)
	at org.openqa.selenium.support.ui.ExpectedConditions.findElement(ExpectedConditions.java:898)
	at org.openqa.selenium.support.ui.ExpectedConditions.access$000(ExpectedConditions.java:44)
	at org.openqa.selenium.support.ui.ExpectedConditions$6.apply(ExpectedConditions.java:184)
	at org.openqa.selenium.support.ui.ExpectedConditions$6.apply(ExpectedConditions.java:181)
	at org.openqa.selenium.support.ui.FluentWait.until(FluentWait.java:209)
	... 23 more
Time Stamp : _2019-Feb-15_2-07-53_AM
 Don't kill browser
****** ****** Test Case Number --> 46.0******* *******
Starting ChromeDriver 2.36.540470 (e522d04694c7ebea4ba8821272dbef4f9b818c91) on port 26447
Only local connections are allowed.
Feb 15, 2019 2:08:08 AM org.openqa.selenium.remote.ProtocolHandshake createSession
INFO: Detected dialect: OSS
CBT Method works
Admin Login done
** Payment button worked fine **
Edit link is working fine  
*Product Alert ok working fine*
*Product Home link pre-click *
*Product Home link fine*
Order element check box 1
Order element check box 2
Both addon prices are same
Quantity11234____10
ActualDiscount-$2.40
ExpectedDiscount-$2.40
ActualDiscount0908hh-$2.40
gc
mp
billing1Billed to :
Address 1
38345 W.10 Mile Road
City
Formington Hills
State
Texas
Country
USA
Zip
78732
Show more details
BillingAddress & BillingAddress
billing138345 W.10 Mile Road
suite 115
Formington Hills, Texas - 78732
billing1Billing Information
Address 1
38345 W.10 Mile Road
Address 2
suite 115
City
Formington Hills
State
Texas
Country
USA
Zip
78732
OrderNumber : 7055
 VO Popup Sub total price is -->$113.32
Entered into PS View orders Pop-Up
 Actual View order popup quantiy -->  10
Int Actual Qunaity -->10
**ActualQuantity**10
Both Item quantitys are same
View Order Grid Pop-Up Item prices are same
Both item Subtotals in view order grid popup values are same
Both view order grid popup Addon prices are same 
Both VOGPOPUP item Discount prices are same
VOGPOPUP shipping price is same
Both order total  Subtotals in view order grid popup values are same
ExpectedOrderDiscount6
Both VOGPOPUP order Shipping prices are same 
billing1Billing Information
Address 1
38345 W.10 Mile Road
City
Formington Hills
State
Texas
Country
USA
Zip
78732
Show more details
Payment Type
Billing
PONumber:
124
BillingAddress & BillingAddress
billing138345 W.10 Mile Road
suite 115
Formington Hills, Texas - 78732
billing1Billing Information
Address 1
38345 W.10 Mile Road
Address 2
suite 115
City
Formington Hills
State
Texas
Country
USA
Zip
78732
 VO Popup Sub total price is -->$113.32
Entered into PS View orders Pop-Up
 Actual View order popup quantiy -->  10
Int Actual Qunaity -->10
**ActualQuantity**10
Both Item quantitys are same
View Order Grid Pop-Up Item prices are same
Both item Subtotals in view order grid popup values are same
Both view order grid popup Addon prices are same 
Both VOGPOPUP item Discount prices are same
VOGPOPUP shipping price is same
Both order total  Subtotals in view order grid popup values are same
ExpectedOrderDiscount6
Both VOGPOPUP order Shipping prices are same 
billing1Billing Information
Address 1
38345 W.10 Mile Road
City
Formington Hills
State
Texas
Country
USA
Zip
78732
Show more details
Payment Type
Billing
PONumber:
124
BillingAddress & BillingAddress
billing138345 W.10 Mile Road
suite 115
Formington Hills, Texas - 78732
billing1Billing Information
Address 1
38345 W.10 Mile Road
Address 2
suite 115
City
Formington Hills
State
Texas
Country
USA
Zip
78732
 VO Popup Sub total price is -->$113.32
Entered into PS View orders Pop-Up
 Actual View order popup quantiy -->  10
Int Actual Qunaity -->10
**ActualQuantity**10
Both Item quantitys are same
View Order Grid Pop-Up Item prices are same
Both item Subtotals in view order grid popup values are same
Both view order grid popup Addon prices are same 
Both VOGPOPUP item Discount prices are same
VOGPOPUP shipping price is same
Both order total  Subtotals in view order grid popup values are same
ExpectedOrderDiscount6
Both VOGPOPUP order Shipping prices are same 
billing1Billing Information
Address 1
38345 W.10 Mile Road
City
Formington Hills
State
Texas
Country
USA
Zip
78732
Show more details
Payment Type
Billing
PONumber:
124
BillingAddress & BillingAddress
billing138345 W.10 Mile Road
suite 115
Formington Hills, Texas - 78732
billing1Billing Information
Address 1
38345 W.10 Mile Road
Address 2
suite 115
City
Formington Hills
State
Texas
Country
USA
Zip
78732
___ ___ ___ ____ _ ____ ____ ____ ______ ____ ___ ____ ____ ____ ____ ____ ____ _____ ____ _____ ____ _
**** *** **Al l the Expected values and Actual values are same, Test PASS*** *** ***
Time Stamp : _2019-Feb-15_2-49-16_AM
 Don't kill browser
****** ****** Test Case Number --> 47.0******* *******
Starting ChromeDriver 2.36.540470 (e522d04694c7ebea4ba8821272dbef4f9b818c91) on port 5461
Only local connections are allowed.
Feb 15, 2019 2:49:25 AM org.openqa.selenium.remote.ProtocolHandshake createSession
INFO: Detected dialect: OSS
CBT Method works
Admin Login done
** Payment button worked fine **
Edit link is working fine  
*Product Alert ok working fine*
*Product Home link pre-click *
*Product Home link fine*
Order element check box 1
Order element check box 2
Both addon prices are same
Quantity11234____10
ActualDiscount-$4.407
ExpectedDiscount-$4.407
ActualDiscount0908hh-$4.407
gc
mp
billing1Billed to :
Address 1
38345 W.10 Mile Road
City
Formington Hills
State
Texas
Country
USA
Zip
78732
Show more details
BillingAddress & BillingAddress
billing138345 W.10 Mile Road
suite 115
Formington Hills, Texas - 78732
billing1Billing Information
Address 1
38345 W.10 Mile Road
Address 2
suite 115
City
Formington Hills
State
Texas
Country
USA
Zip
78732
OrderNumber : 7056
 VO Popup Sub total price is -->$135.596
Entered into PS View orders Pop-Up
 Actual View order popup quantiy -->  10
Int Actual Qunaity -->10
**ActualQuantity**10
Both Item quantitys are same
View Order Grid Pop-Up Item prices are same
Both item Subtotals in view order grid popup values are same
Both view order grid popup Addon prices are same 
Both VOGPOPUP item Discount prices are same
VOGPOPUP shipping price is same
Both order total  Subtotals in view order grid popup values are same
ExpectedOrderDiscount6
Both VOGPOPUP order Shipping prices are same 
billing1Billing Information
Address 1
38345 W.10 Mile Road
City
Formington Hills
State
Texas
Country
USA
Zip
78732
Show more details
Payment Type
Billing
PONumber:
124
BillingAddress & BillingAddress
billing138345 W.10 Mile Road
suite 115
Formington Hills, Texas - 78732
billing1Billing Information
Address 1
38345 W.10 Mile Road
Address 2
suite 115
City
Formington Hills
State
Texas
Country
USA
Zip
78732
 VO Popup Sub total price is -->$135.596
Entered into PS View orders Pop-Up
 Actual View order popup quantiy -->  10
Int Actual Qunaity -->10
**ActualQuantity**10
Both Item quantitys are same
View Order Grid Pop-Up Item prices are same
Both item Subtotals in view order grid popup values are same
Both view order grid popup Addon prices are same 
Both VOGPOPUP item Discount prices are same
VOGPOPUP shipping price is same
Both order total  Subtotals in view order grid popup values are same
ExpectedOrderDiscount6
Both VOGPOPUP order Shipping prices are same 
billing1Billing Information
Address 1
38345 W.10 Mile Road
City
Formington Hills
State
Texas
Country
USA
Zip
78732
Show more details
Payment Type
Billing
PONumber:
124
BillingAddress & BillingAddress
billing138345 W.10 Mile Road
suite 115
Formington Hills, Texas - 78732
billing1Billing Information
Address 1
38345 W.10 Mile Road
Address 2
suite 115
City
Formington Hills
State
Texas
Country
USA
Zip
78732
 VO Popup Sub total price is -->$135.596
Entered into PS View orders Pop-Up
 Actual View order popup quantiy -->  10
Int Actual Qunaity -->10
**ActualQuantity**10
Both Item quantitys are same
View Order Grid Pop-Up Item prices are same
Both item Subtotals in view order grid popup values are same
Both view order grid popup Addon prices are same 
Both VOGPOPUP item Discount prices are same
VOGPOPUP shipping price is same
Both order total  Subtotals in view order grid popup values are same
ExpectedOrderDiscount6
Both VOGPOPUP order Shipping prices are same 
billing1Billing Information
Address 1
38345 W.10 Mile Road
City
Formington Hills
State
Texas
Country
USA
Zip
78732
Show more details
Payment Type
Billing
PONumber:
124
BillingAddress & BillingAddress
billing138345 W.10 Mile Road
suite 115
Formington Hills, Texas - 78732
billing1Billing Information
Address 1
38345 W.10 Mile Road
Address 2
suite 115
City
Formington Hills
State
Texas
Country
USA
Zip
78732
___ ___ ___ ____ _ ____ ____ ____ ______ ____ ___ ____ ____ ____ ____ ____ ____ _____ ____ _____ ____ _
**** *** **Al l the Expected values and Actual values are same, Test PASS*** *** ***
Time Stamp : _2019-Feb-15_3-29-41_AM
 Don't kill browser
****** ****** Test Case Number --> 48.0******* *******
Starting ChromeDriver 2.36.540470 (e522d04694c7ebea4ba8821272dbef4f9b818c91) on port 37415
Only local connections are allowed.
Feb 15, 2019 3:29:51 AM org.openqa.selenium.remote.ProtocolHandshake createSession
INFO: Detected dialect: OSS
CBT Method works
Admin Login done
** Payment button worked fine **
Edit link is working fine  
*Product Alert ok working fine*
*Product Home link pre-click *
*Product Home link fine*
Order element check box 1
Order element check box 2
Both addon prices are same
Quantity11234____10
ActualDiscount-$6.6941
ExpectedDiscount-$6.6941
ActualDiscount0908hh-$6.6941
gc
mp
billing1Billed to :
Address 1
38345 W.10 Mile Road
City
Formington Hills
State
Texas
Country
USA
Zip
78732
Show more details
BillingAddress & BillingAddress
billing138345 W.10 Mile Road
suite 115
Formington Hills, Texas - 78732
billing1Billing Information
Address 1
38345 W.10 Mile Road
Address 2
suite 115
City
Formington Hills
State
Texas
Country
USA
Zip
78732
OrderNumber : 7057
 VO Popup Sub total price is -->$146.8005
Entered into PS View orders Pop-Up
 Actual View order popup quantiy -->  10
Int Actual Qunaity -->10
**ActualQuantity**10
Both Item quantitys are same
View Order Grid Pop-Up Item prices are same
Both item Subtotals in view order grid popup values are same
Both view order grid popup Addon prices are same 
Both VOGPOPUP item Discount prices are same
VOGPOPUP shipping price is same
Both order total  Subtotals in view order grid popup values are same
ExpectedOrderDiscount6
Both VOGPOPUP order Shipping prices are same 
billing1Billing Information
Address 1
38345 W.10 Mile Road
City
Formington Hills
State
Texas
Country
USA
Zip
78732
Show more details
Payment Type
Billing
PONumber:
124
BillingAddress & BillingAddress
billing138345 W.10 Mile Road
suite 115
Formington Hills, Texas - 78732
billing1Billing Information
Address 1
38345 W.10 Mile Road
Address 2
suite 115
City
Formington Hills
State
Texas
Country
USA
Zip
78732
org.openqa.selenium.StaleElementReferenceException: stale element reference: element is not attached to the page document
  (Session info: chrome=72.0.3626.109)
  (Driver info: chromedriver=2.36.540470 (e522d04694c7ebea4ba8821272dbef4f9b818c91),platform=Windows NT 10.0.16299 x86_64) (WARNING: The server did not provide any stacktrace information)
Command duration or timeout: 61 milliseconds
For documentation on this error, please visit: http://seleniumhq.org/exceptions/stale_element_reference.html
Build info: version: 'unknown', revision: '5234b32', time: '2017-03-10 09:00:17 -0800'
System info: host: 'RAMPRASAD-QA', ip: '192.168.1.79', os.name: 'Windows 10', os.arch: 'x86', os.version: '10.0', java.version: '1.8.0_161'
Driver info: org.openqa.selenium.chrome.ChromeDriver
Capabilities [{applicationCacheEnabled=false, rotatable=false, mobileEmulationEnabled=false, networkConnectionEnabled=false, chrome={chromedriverVersion=2.36.540470 (e522d04694c7ebea4ba8821272dbef4f9b818c91), userDataDir=C:\Users\Admin\AppData\Local\Temp\scoped_dir7892_25905}, takesHeapSnapshot=true, pageLoadStrategy=normal, databaseEnabled=false, handlesAlerts=true, hasTouchScreen=false, version=72.0.3626.109, platform=XP, browserConnectionEnabled=false, nativeEvents=true, acceptSslCerts=false, acceptInsecureCerts=false, locationContextEnabled=true, webStorageEnabled=true, browserName=chrome, takesScreenshot=true, javascriptEnabled=true, cssSelectorsEnabled=true, setWindowRect=true, unexpectedAlertBehaviour=}]
Session ID: d94330549387dbe9490c7a1b4dcfbb91
	at sun.reflect.NativeConstructorAccessorImpl.newInstance0(Native Method)
	at sun.reflect.NativeConstructorAccessorImpl.newInstance(NativeConstructorAccessorImpl.java:62)
	at sun.reflect.DelegatingConstructorAccessorImpl.newInstance(DelegatingConstructorAccessorImpl.java:45)
	at java.lang.reflect.Constructor.newInstance(Constructor.java:423)
	at org.openqa.selenium.remote.ErrorHandler.createThrowable(ErrorHandler.java:216)
	at org.openqa.selenium.remote.ErrorHandler.throwIfResponseFailed(ErrorHandler.java:168)
	at org.openqa.selenium.remote.RemoteWebDriver.execute(RemoteWebDriver.java:638)
	at org.openqa.selenium.remote.RemoteWebElement.execute(RemoteWebElement.java:274)
	at org.openqa.selenium.remote.RemoteWebElement.sendKeys(RemoteWebElement.java:98)
	at tec.AC40.Common.Commonclass.ApproverLogin(Commonclass.java:299)
	at tec.AC40.Suite.OrderFlow.AccuPrice(OrderFlow.java:4591)
	at sun.reflect.GeneratedMethodAccessor2.invoke(Unknown Source)
	at sun.reflect.DelegatingMethodAccessorImpl.invoke(DelegatingMethodAccessorImpl.java:43)
	at java.lang.reflect.Method.invoke(Method.java:498)
	at org.testng.internal.MethodInvocationHelper.invokeMethod(MethodInvocationHelper.java:84)
	at org.testng.internal.Invoker.invokeMethod(Invoker.java:714)
	at org.testng.internal.Invoker.invokeTestMethod(Invoker.java:901)
	at org.testng.internal.Invoker.invokeTestMethods(Invoker.java:1231)
	at org.testng.internal.TestMethodWorker.invokeTestMethods(TestMethodWorker.java:127)
	at org.testng.internal.TestMethodWorker.run(TestMethodWorker.java:111)
	at org.testng.TestRunner.privateRun(TestRunner.java:767)
	at org.testng.TestRunner.run(TestRunner.java:617)
	at org.testng.SuiteRunner.runTest(SuiteRunner.java:334)
	at org.testng.SuiteRunner.runSequentially(SuiteRunner.java:329)
	at org.testng.SuiteRunner.privateRun(SuiteRunner.java:291)
	at org.testng.SuiteRunner.run(SuiteRunner.java:240)
	at org.testng.SuiteRunnerWorker.runSuite(SuiteRunnerWorker.java:52)
	at org.testng.SuiteRunnerWorker.run(SuiteRunnerWorker.java:86)
	at org.testng.TestNG.runSuitesSequentially(TestNG.java:1224)
	at org.testng.TestNG.runSuitesLocally(TestNG.java:1149)
	at org.testng.TestNG.run(TestNG.java:1057)
	at org.testng.TestNG.privateMain(TestNG.java:1364)
	at org.testng.TestNG.main(TestNG.java:1333)
Report are saved and closed
org.openqa.selenium.TimeoutException: Expected condition failed: waiting for presence of element located by: By.linkText: Pending Approvals (tried for 500 second(s) with 1 SECONDS interval)
	at org.openqa.selenium.support.ui.FluentWait.timeoutException(FluentWait.java:264)
	at org.openqa.selenium.support.ui.FluentWait.until(FluentWait.java:232)
	at tec.AC40.Suite.OrderFlow.AccuPrice(OrderFlow.java:4608)
	at sun.reflect.GeneratedMethodAccessor2.invoke(Unknown Source)
	at sun.reflect.DelegatingMethodAccessorImpl.invoke(DelegatingMethodAccessorImpl.java:43)
	at java.lang.reflect.Method.invoke(Method.java:498)
	at org.testng.internal.MethodInvocationHelper.invokeMethod(MethodInvocationHelper.java:84)
	at org.testng.internal.Invoker.invokeMethod(Invoker.java:714)
	at org.testng.internal.Invoker.invokeTestMethod(Invoker.java:901)
	at org.testng.internal.Invoker.invokeTestMethods(Invoker.java:1231)
	at org.testng.internal.TestMethodWorker.invokeTestMethods(TestMethodWorker.java:127)
	at org.testng.internal.TestMethodWorker.run(TestMethodWorker.java:111)
	at org.testng.TestRunner.privateRun(TestRunner.java:767)
	at org.testng.TestRunner.run(TestRunner.java:617)
	at org.testng.SuiteRunner.runTest(SuiteRunner.java:334)
	at org.testng.SuiteRunner.runSequentially(SuiteRunner.java:329)
	at org.testng.SuiteRunner.privateRun(SuiteRunner.java:291)
	at org.testng.SuiteRunner.run(SuiteRunner.java:240)
	at org.testng.SuiteRunnerWorker.runSuite(SuiteRunnerWorker.java:52)
	at org.testng.SuiteRunnerWorker.run(SuiteRunnerWorker.java:86)
	at org.testng.TestNG.runSuitesSequentially(TestNG.java:1224)
	at org.testng.TestNG.runSuitesLocally(TestNG.java:1149)
	at org.testng.TestNG.run(TestNG.java:1057)
	at org.testng.TestNG.privateMain(TestNG.java:1364)
	at org.testng.TestNG.main(TestNG.java:1333)
Caused by: org.openqa.selenium.NoSuchElementException: Cannot locate an element using By.linkText: Pending Approvals
For documentation on this error, please visit: http://seleniumhq.org/exceptions/no_such_element.html
Build info: version: 'unknown', revision: '5234b32', time: '2017-03-10 09:00:17 -0800'
System info: host: 'RAMPRASAD-QA', ip: '192.168.1.79', os.name: 'Windows 10', os.arch: 'x86', os.version: '10.0', java.version: '1.8.0_161'
Driver info: driver.version: unknown
	at org.openqa.selenium.support.ui.ExpectedConditions.lambda$findElement$0(ExpectedConditions.java:899)
	at java.util.Optional.orElseThrow(Optional.java:290)
	at org.openqa.selenium.support.ui.ExpectedConditions.findElement(ExpectedConditions.java:898)
	at org.openqa.selenium.support.ui.ExpectedConditions.access$000(ExpectedConditions.java:44)
	at org.openqa.selenium.support.ui.ExpectedConditions$6.apply(ExpectedConditions.java:184)
	at org.openqa.selenium.support.ui.ExpectedConditions$6.apply(ExpectedConditions.java:181)
	at org.openqa.selenium.support.ui.FluentWait.until(FluentWait.java:209)
	... 23 more
Time Stamp : _2019-Feb-15_4-14-00_AM
 Don't kill browser
****** ****** Test Case Number --> 49.0******* *******
Starting ChromeDriver 2.36.540470 (e522d04694c7ebea4ba8821272dbef4f9b818c91) on port 4910
Only local connections are allowed.
Feb 15, 2019 4:14:14 AM org.openqa.selenium.remote.ProtocolHandshake createSession
INFO: Detected dialect: OSS
CBT Method works
Admin Login done
** Payment button worked fine **
Edit link is working fine  
*Product Alert ok working fine*
*Product Home link pre-click *
*Product Home link fine*
Order element check box 1
Order element check box 2
Both addon prices are same
Quantity11234____22
ActualDiscount-$1.38
ExpectedDiscount-$1.38
ActualDiscount0908hh-$1.38
gc
mp
billing1Billed to :
Address 1
38345 W.10 Mile Road
City
Formington Hills
State
Texas
Country
USA
Zip
78732
Show more details
BillingAddress & BillingAddress
billing138345 W.10 Mile Road
suite 115
Formington Hills, Texas - 78732
billing1Billing Information
Address 1
38345 W.10 Mile Road
Address 2
suite 115
City
Formington Hills
State
Texas
Country
USA
Zip
78732
OrderNumber : 7058
 VO Popup Sub total price is -->$60.14
Entered into PS View orders Pop-Up
 Actual View order popup quantiy -->  22
Int Actual Qunaity -->22
**ActualQuantity**22
Both Item quantitys are same
View Order Grid Pop-Up Item prices are same
Both item Subtotals in view order grid popup values are same
Both view order grid popup Addon prices are same 
Both VOGPOPUP item Discount prices are same
VOGPOPUP shipping price is same
Both order total  Subtotals in view order grid popup values are same
ExpectedOrderDiscount6
Both VOGPOPUP order Shipping prices are same 
billing1Billing Information
Address 1
38345 W.10 Mile Road
City
Formington Hills
State
Texas
Country
USA
Zip
78732
Show more details
Payment Type
Co-op Fund
BillingAddress & BillingAddress
billing138345 W.10 Mile Road
suite 115
Formington Hills, Texas - 78732
billing1Billing Information
Address 1
38345 W.10 Mile Road
Address 2
suite 115
City
Formington Hills
State
Texas
Country
USA
Zip
78732
 VO Popup Sub total price is -->$60.14
Entered into PS View orders Pop-Up
 Actual View order popup quantiy -->  22
Int Actual Qunaity -->22
**ActualQuantity**22
Both Item quantitys are same
View Order Grid Pop-Up Item prices are same
Both item Subtotals in view order grid popup values are same
Both view order grid popup Addon prices are same 
Both VOGPOPUP item Discount prices are same
VOGPOPUP shipping price is same
Both order total  Subtotals in view order grid popup values are same
ExpectedOrderDiscount6
Both VOGPOPUP order Shipping prices are same 
billing1Billing Information
Address 1
38345 W.10 Mile Road
City
Formington Hills
State
Texas
Country
USA
Zip
78732
Show more details
Payment Type
Co-op Fund
BillingAddress & BillingAddress
billing138345 W.10 Mile Road
suite 115
Formington Hills, Texas - 78732
billing1Billing Information
Address 1
38345 W.10 Mile Road
Address 2
suite 115
City
Formington Hills
State
Texas
Country
USA
Zip
78732
 VO Popup Sub total price is -->
Entered into PS View orders Pop-Up
 Actual View order popup quantiy -->  22
Int Actual Qunaity -->22
**ActualQuantity**22
Both Item quantitys are same
View Order Grid Pop-Up Item prices are same
Both item Subtotals in view order grid popup values are same
Both view order grid popup Addon prices are same 
Both VOGPOPUP item Discount prices are same
VOGPOPUP shipping price is same
Both order total  Subtotals in view order grid popup values are same
ExpectedOrderDiscount6
Both VOGPOPUP order Shipping prices are same 
billing1Billing Information
Address 1
38345 W.10 Mile Road
City
Formington Hills
State
Texas
Country
USA
Zip
78732
Show more details
Payment Type
Co-op Fund
BillingAddress & BillingAddress
billing138345 W.10 Mile Road
suite 115
Formington Hills, Texas - 78732
billing1Billing Information
Address 1
38345 W.10 Mile Road
Address 2
suite 115
City
Formington Hills
State
Texas
Country
USA
Zip
78732
___ ___ ___ ____ _ ____ ____ ____ ______ ____ ___ ____ ____ ____ ____ ____ ____ _____ ____ _____ ____ _
**** *** **Al l the Expected values and Actual values are same, Test PASS*** *** ***
Time Stamp : _2019-Feb-15_4-55-45_AM
 Don't kill browser
****** ****** Test Case Number --> 50.0******* *******
Starting ChromeDriver 2.36.540470 (e522d04694c7ebea4ba8821272dbef4f9b818c91) on port 37065
Only local connections are allowed.
Feb 15, 2019 4:55:55 AM org.openqa.selenium.remote.ProtocolHandshake createSession
INFO: Detected dialect: OSS
CBT Method works
Admin Login done
** Payment button worked fine **
Edit link is working fine  
*Product Alert ok working fine*
*Product Home link pre-click *
*Product Home link fine*
Order element check box 1
Order element check box 2
Both addon prices are same
Quantity11234____27
ActualDiscount-$3.528
ExpectedDiscount-$3.528
ActualDiscount0908hh-$3.528
gc
mp
billing1Billed to :
Address 1
38345 W.10 Mile Road
City
Formington Hills
State
Texas
Country
USA
Zip
78732
Show more details
BillingAddress & BillingAddress
billing138345 W.10 Mile Road
suite 115
Formington Hills, Texas - 78732
billing1Billing Information
Address 1
38345 W.10 Mile Road
Address 2
suite 115
City
Formington Hills
State
Texas
Country
USA
Zip
78732
OrderNumber : 7059
 VO Popup Sub total price is -->$54.701
Entered into PS View orders Pop-Up
 Actual View order popup quantiy -->  27
Int Actual Qunaity -->27
**ActualQuantity**27
Both Item quantitys are same
View Order Grid Pop-Up Item prices are same
Both item Subtotals in view order grid popup values are same
Both view order grid popup Addon prices are same 
Both VOGPOPUP item Discount prices are same
VOGPOPUP shipping price is same
Both order total  Subtotals in view order grid popup values are same
ExpectedOrderDiscount6
Both VOGPOPUP order Shipping prices are same 
billing1Billing Information
Address 1
38345 W.10 Mile Road
City
Formington Hills
State
Texas
Country
USA
Zip
78732
Show more details
Payment Type
Co-op Fund
BillingAddress & BillingAddress
billing138345 W.10 Mile Road
suite 115
Formington Hills, Texas - 78732
billing1Billing Information
Address 1
38345 W.10 Mile Road
Address 2
suite 115
City
Formington Hills
State
Texas
Country
USA
Zip
78732
Report are saved and closed
org.openqa.selenium.TimeoutException: Expected condition failed: waiting for presence of element located by: By.linkText: Pending Approvals (tried for 500 second(s) with 1 SECONDS interval)
	at org.openqa.selenium.support.ui.FluentWait.timeoutException(FluentWait.java:264)
	at org.openqa.selenium.support.ui.FluentWait.until(FluentWait.java:232)
	at tec.AC40.Suite.OrderFlow.AccuPrice(OrderFlow.java:4608)
	at sun.reflect.GeneratedMethodAccessor2.invoke(Unknown Source)
	at sun.reflect.DelegatingMethodAccessorImpl.invoke(DelegatingMethodAccessorImpl.java:43)
	at java.lang.reflect.Method.invoke(Method.java:498)
	at org.testng.internal.MethodInvocationHelper.invokeMethod(MethodInvocationHelper.java:84)
	at org.testng.internal.Invoker.invokeMethod(Invoker.java:714)
	at org.testng.internal.Invoker.invokeTestMethod(Invoker.java:901)
	at org.testng.internal.Invoker.invokeTestMethods(Invoker.java:1231)
	at org.testng.internal.TestMethodWorker.invokeTestMethods(TestMethodWorker.java:127)
	at org.testng.internal.TestMethodWorker.run(TestMethodWorker.java:111)
	at org.testng.TestRunner.privateRun(TestRunner.java:767)
	at org.testng.TestRunner.run(TestRunner.java:617)
	at org.testng.SuiteRunner.runTest(SuiteRunner.java:334)
	at org.testng.SuiteRunner.runSequentially(SuiteRunner.java:329)
	at org.testng.SuiteRunner.privateRun(SuiteRunner.java:291)
	at org.testng.SuiteRunner.run(SuiteRunner.java:240)
	at org.testng.SuiteRunnerWorker.runSuite(SuiteRunnerWorker.java:52)
	at org.testng.SuiteRunnerWorker.run(SuiteRunnerWorker.java:86)
	at org.testng.TestNG.runSuitesSequentially(TestNG.java:1224)
	at org.testng.TestNG.runSuitesLocally(TestNG.java:1149)
	at org.testng.TestNG.run(TestNG.java:1057)
	at org.testng.TestNG.privateMain(TestNG.java:1364)
	at org.testng.TestNG.main(TestNG.java:1333)
Caused by: org.openqa.selenium.NoSuchElementException: Cannot locate an element using By.linkText: Pending Approvals
For documentation on this error, please visit: http://seleniumhq.org/exceptions/no_such_element.html
Build info: version: 'unknown', revision: '5234b32', time: '2017-03-10 09:00:17 -0800'
System info: host: 'RAMPRASAD-QA', ip: '192.168.1.79', os.name: 'Windows 10', os.arch: 'x86', os.version: '10.0', java.version: '1.8.0_161'
Driver info: driver.version: unknown
	at org.openqa.selenium.support.ui.ExpectedConditions.lambda$findElement$0(ExpectedConditions.java:899)
	at java.util.Optional.orElseThrow(Optional.java:290)
	at org.openqa.selenium.support.ui.ExpectedConditions.findElement(ExpectedConditions.java:898)
	at org.openqa.selenium.support.ui.ExpectedConditions.access$000(ExpectedConditions.java:44)
	at org.openqa.selenium.support.ui.ExpectedConditions$6.apply(ExpectedConditions.java:184)
	at org.openqa.selenium.support.ui.ExpectedConditions$6.apply(ExpectedConditions.java:181)
	at org.openqa.selenium.support.ui.FluentWait.until(FluentWait.java:209)
	... 23 more
** End**

===============================================
Suite
Total tests run: 448, Failures: 0, Skips: 0
===============================================

