<?xml version="1.0" encoding="UTF-8"?>
<!-- Generated by org.testng.reporters.JUnitReportReporter -->
<testsuite hostname="TSPLMST08813" name="tec.Accu4x.Suite.OrderFlow" tests="148" failures="2" timestamp="15 Apr 2015 10:06:07 GMT" time="334.426" errors="0">
  <testcase name="emPrice" time="0.500" classname="tec.Accu4x.Suite.OrderFlow"/>
  <testcase name="emPrice" time="0.501" classname="tec.Accu4x.Suite.OrderFlow"/>
  <testcase name="emPrice" time="0.500" classname="tec.Accu4x.Suite.OrderFlow"/>
  <testcase name="emPrice" time="0.001" classname="tec.Accu4x.Suite.OrderFlow">
    <failure type="java.lang.NumberFormatException" message="empty String">
      <![CDATA[java.lang.NumberFormatException: empty String
	at sun.misc.FloatingDecimal.readJavaFormatString(Unknown Source)
	at java.lang.Double.valueOf(Unknown Source)
	at tec.Accu4x.Suite.OrderFlow.emPrice(OrderFlow.java:85)
	at sun.reflect.GeneratedMethodAccessor9.invoke(Unknown Source)
	at sun.reflect.DelegatingMethodAccessorImpl.invoke(Unknown Source)
	at java.lang.reflect.Method.invoke(Unknown Source)
	at org.testng.internal.MethodInvocationHelper.invokeMethod(MethodInvocationHelper.java:84)
	at org.testng.internal.Invoker.invokeMethod(Invoker.java:714)
	at org.testng.internal.Invoker.invokeTestMethod(Invoker.java:901)
	at org.testng.internal.Invoker.invokeTestMethods(Invoker.java:1231)
	at org.testng.internal.TestMethodWorker.invokeTestMethods(TestMethodWorker.java:127)
	at org.testng.internal.TestMethodWorker.run(TestMethodWorker.java:111)
	at org.testng.TestRunner.privateRun(TestRunner.java:767)
	at org.testng.TestRunner.run(TestRunner.java:617)
	at org.testng.SuiteRunner.runTest(SuiteRunner.java:334)
	at org.testng.SuiteRunner.runSequentially(SuiteRunner.java:329)
	at org.testng.SuiteRunner.privateRun(SuiteRunner.java:291)
	at org.testng.SuiteRunner.run(SuiteRunner.java:240)
	at org.testng.SuiteRunnerWorker.runSuite(SuiteRunnerWorker.java:52)
	at org.testng.SuiteRunnerWorker.run(SuiteRunnerWorker.java:86)
	at org.testng.TestNG.runSuitesSequentially(TestNG.java:1224)
	at org.testng.TestNG.runSuitesLocally(TestNG.java:1149)
	at org.testng.TestNG.run(TestNG.java:1057)
	at org.testng.remote.RemoteTestNG.run(RemoteTestNG.java:111)
	at org.testng.remote.RemoteTestNG.initAndRun(RemoteTestNG.java:204)
	at org.testng.remote.RemoteTestNG.main(RemoteTestNG.java:175)
]]>
    </failure>
  </testcase> <!-- emPrice -->
  <testcase name="emPrice" time="0.500" classname="tec.Accu4x.Suite.OrderFlow"/>
  <testcase name="emPrice" time="0.500" classname="tec.Accu4x.Suite.OrderFlow"/>
  <testcase name="emPrice" time="0.500" classname="tec.Accu4x.Suite.OrderFlow"/>
  <testcase name="emPrice" time="0.500" classname="tec.Accu4x.Suite.OrderFlow"/>
  <testcase name="emPrice" time="0.501" classname="tec.Accu4x.Suite.OrderFlow"/>
  <testcase name="emPrice" time="0.500" classname="tec.Accu4x.Suite.OrderFlow"/>
  <testcase name="emPrice" time="0.501" classname="tec.Accu4x.Suite.OrderFlow"/>
  <testcase name="emPrice" time="0.501" classname="tec.Accu4x.Suite.OrderFlow"/>
  <testcase name="emPrice" time="0.501" classname="tec.Accu4x.Suite.OrderFlow"/>
  <testcase name="emPrice" time="0.500" classname="tec.Accu4x.Suite.OrderFlow"/>
  <testcase name="emPrice" time="0.500" classname="tec.Accu4x.Suite.OrderFlow"/>
  <testcase name="emPrice" time="0.500" classname="tec.Accu4x.Suite.OrderFlow"/>
  <testcase name="emPrice" time="0.501" classname="tec.Accu4x.Suite.OrderFlow"/>
  <testcase name="emPrice" time="0.501" classname="tec.Accu4x.Suite.OrderFlow"/>
  <testcase name="emPrice" time="0.501" classname="tec.Accu4x.Suite.OrderFlow"/>
  <testcase name="emPrice" time="0.500" classname="tec.Accu4x.Suite.OrderFlow"/>
  <testcase name="emPrice" time="0.501" classname="tec.Accu4x.Suite.OrderFlow"/>
  <testcase name="emPrice" time="0.500" classname="tec.Accu4x.Suite.OrderFlow"/>
  <testcase name="emPrice" time="0.501" classname="tec.Accu4x.Suite.OrderFlow"/>
  <testcase name="emPrice" time="0.501" classname="tec.Accu4x.Suite.OrderFlow"/>
  <testcase name="emPrice" time="0.501" classname="tec.Accu4x.Suite.OrderFlow"/>
  <testcase name="emPrice" time="0.500" classname="tec.Accu4x.Suite.OrderFlow"/>
  <testcase name="emPrice" time="0.500" classname="tec.Accu4x.Suite.OrderFlow"/>
  <testcase name="emPrice" time="0.501" classname="tec.Accu4x.Suite.OrderFlow"/>
  <testcase name="emPrice" time="0.501" classname="tec.Accu4x.Suite.OrderFlow"/>
  <testcase name="emPrice" time="0.501" classname="tec.Accu4x.Suite.OrderFlow"/>
  <testcase name="emPrice" time="0.501" classname="tec.Accu4x.Suite.OrderFlow"/>
  <testcase name="emPrice" time="0.501" classname="tec.Accu4x.Suite.OrderFlow"/>
  <testcase name="emPrice" time="0.500" classname="tec.Accu4x.Suite.OrderFlow"/>
  <testcase name="emPrice" time="0.501" classname="tec.Accu4x.Suite.OrderFlow"/>
  <testcase name="emPrice" time="0.501" classname="tec.Accu4x.Suite.OrderFlow"/>
  <testcase name="emPrice" time="0.500" classname="tec.Accu4x.Suite.OrderFlow"/>
  <testcase name="emPrice" time="0.500" classname="tec.Accu4x.Suite.OrderFlow"/>
  <testcase name="emPrice" time="0.500" classname="tec.Accu4x.Suite.OrderFlow"/>
  <testcase name="emPrice" time="0.500" classname="tec.Accu4x.Suite.OrderFlow"/>
  <testcase name="emPrice" time="0.501" classname="tec.Accu4x.Suite.OrderFlow"/>
  <testcase name="emPrice" time="0.500" classname="tec.Accu4x.Suite.OrderFlow"/>
  <testcase name="emPrice" time="0.501" classname="tec.Accu4x.Suite.OrderFlow"/>
  <testcase name="emPrice" time="0.501" classname="tec.Accu4x.Suite.OrderFlow"/>
  <testcase name="emPrice" time="0.501" classname="tec.Accu4x.Suite.OrderFlow"/>
  <testcase name="emPrice" time="0.500" classname="tec.Accu4x.Suite.OrderFlow"/>
  <testcase name="emPrice" time="0.500" classname="tec.Accu4x.Suite.OrderFlow"/>
  <testcase name="emPrice" time="0.500" classname="tec.Accu4x.Suite.OrderFlow"/>
  <testcase name="emPrice" time="0.500" classname="tec.Accu4x.Suite.OrderFlow"/>
  <testcase name="emPrice" time="0.501" classname="tec.Accu4x.Suite.OrderFlow"/>
  <testcase name="emPrice" time="0.500" classname="tec.Accu4x.Suite.OrderFlow"/>
  <testcase name="emPrice" time="0.501" classname="tec.Accu4x.Suite.OrderFlow"/>
  <testcase name="emPrice" time="0.500" classname="tec.Accu4x.Suite.OrderFlow"/>
  <testcase name="emPrice" time="0.502" classname="tec.Accu4x.Suite.OrderFlow"/>
  <testcase name="emPrice" time="0.500" classname="tec.Accu4x.Suite.OrderFlow"/>
  <testcase name="emPrice" time="0.501" classname="tec.Accu4x.Suite.OrderFlow"/>
  <testcase name="emPrice" time="0.501" classname="tec.Accu4x.Suite.OrderFlow"/>
  <testcase name="emPrice" time="0.501" classname="tec.Accu4x.Suite.OrderFlow"/>
  <testcase name="emPrice" time="0.501" classname="tec.Accu4x.Suite.OrderFlow"/>
  <testcase name="emPrice" time="0.501" classname="tec.Accu4x.Suite.OrderFlow"/>
  <testcase name="emPrice" time="0.501" classname="tec.Accu4x.Suite.OrderFlow"/>
  <testcase name="emPrice" time="0.500" classname="tec.Accu4x.Suite.OrderFlow"/>
  <testcase name="emPrice" time="0.500" classname="tec.Accu4x.Suite.OrderFlow"/>
  <testcase name="emPrice" time="0.500" classname="tec.Accu4x.Suite.OrderFlow"/>
  <testcase name="emPrice" time="0.501" classname="tec.Accu4x.Suite.OrderFlow"/>
  <testcase name="emPrice" time="0.501" classname="tec.Accu4x.Suite.OrderFlow"/>
  <testcase name="emPrice" time="0.500" classname="tec.Accu4x.Suite.OrderFlow"/>
  <testcase name="emPrice" time="0.501" classname="tec.Accu4x.Suite.OrderFlow"/>
  <testcase name="emPrice" time="0.501" classname="tec.Accu4x.Suite.OrderFlow"/>
  <testcase name="emPrice" time="0.501" classname="tec.Accu4x.Suite.OrderFlow"/>
  <testcase name="emPrice" time="0.500" classname="tec.Accu4x.Suite.OrderFlow"/>
  <testcase name="emPrice" time="0.501" classname="tec.Accu4x.Suite.OrderFlow"/>
  <testcase name="emPrice" time="0.508" classname="tec.Accu4x.Suite.OrderFlow"/>
  <testcase name="emPrice" time="0.500" classname="tec.Accu4x.Suite.OrderFlow"/>
  <testcase name="emPrice" time="0.500" classname="tec.Accu4x.Suite.OrderFlow"/>
  <testcase name="emPrice" time="0.500" classname="tec.Accu4x.Suite.OrderFlow"/>
  <testcase name="emPrice" time="0.503" classname="tec.Accu4x.Suite.OrderFlow"/>
  <testcase name="emPrice" time="0.500" classname="tec.Accu4x.Suite.OrderFlow"/>
  <testcase name="emPrice" time="0.500" classname="tec.Accu4x.Suite.OrderFlow"/>
  <testcase name="emPrice" time="0.500" classname="tec.Accu4x.Suite.OrderFlow"/>
  <testcase name="emPrice" time="0.501" classname="tec.Accu4x.Suite.OrderFlow"/>
  <testcase name="emPrice" time="0.501" classname="tec.Accu4x.Suite.OrderFlow"/>
  <testcase name="emPrice" time="0.501" classname="tec.Accu4x.Suite.OrderFlow"/>
  <testcase name="emPrice" time="0.501" classname="tec.Accu4x.Suite.OrderFlow"/>
  <testcase name="emPrice" time="0.500" classname="tec.Accu4x.Suite.OrderFlow"/>
  <testcase name="emPrice" time="0.500" classname="tec.Accu4x.Suite.OrderFlow"/>
  <testcase name="emPrice" time="0.500" classname="tec.Accu4x.Suite.OrderFlow"/>
  <testcase name="emPrice" time="0.501" classname="tec.Accu4x.Suite.OrderFlow"/>
  <testcase name="emPrice" time="0.501" classname="tec.Accu4x.Suite.OrderFlow"/>
  <testcase name="emPrice" time="0.502" classname="tec.Accu4x.Suite.OrderFlow"/>
  <testcase name="emPrice" time="0.500" classname="tec.Accu4x.Suite.OrderFlow"/>
  <testcase name="emPrice" time="0.500" classname="tec.Accu4x.Suite.OrderFlow"/>
  <testcase name="emPrice" time="0.500" classname="tec.Accu4x.Suite.OrderFlow"/>
  <testcase name="emPrice" time="0.500" classname="tec.Accu4x.Suite.OrderFlow"/>
  <testcase name="emPrice" time="0.501" classname="tec.Accu4x.Suite.OrderFlow"/>
  <testcase name="emPrice" time="0.500" classname="tec.Accu4x.Suite.OrderFlow"/>
  <testcase name="emPrice" time="0.501" classname="tec.Accu4x.Suite.OrderFlow"/>
  <testcase name="emPrice" time="0.500" classname="tec.Accu4x.Suite.OrderFlow"/>
  <testcase name="emPrice" time="0.501" classname="tec.Accu4x.Suite.OrderFlow"/>
  <testcase name="emPrice" time="0.501" classname="tec.Accu4x.Suite.OrderFlow"/>
  <testcase name="emPrice" time="0.501" classname="tec.Accu4x.Suite.OrderFlow"/>
  <testcase name="emPrice" time="0.501" classname="tec.Accu4x.Suite.OrderFlow"/>
  <testcase name="emPrice" time="0.500" classname="tec.Accu4x.Suite.OrderFlow"/>
  <testcase name="emPrice" time="0.502" classname="tec.Accu4x.Suite.OrderFlow"/>
  <testcase name="emPrice" time="0.500" classname="tec.Accu4x.Suite.OrderFlow"/>
  <testcase name="emPrice" time="0.500" classname="tec.Accu4x.Suite.OrderFlow"/>
  <testcase name="emPrice" time="0.500" classname="tec.Accu4x.Suite.OrderFlow"/>
  <testcase name="emPrice" time="0.501" classname="tec.Accu4x.Suite.OrderFlow"/>
  <testcase name="emPrice" time="0.500" classname="tec.Accu4x.Suite.OrderFlow"/>
  <testcase name="emPrice" time="0.500" classname="tec.Accu4x.Suite.OrderFlow"/>
  <testcase name="emPrice" time="0.501" classname="tec.Accu4x.Suite.OrderFlow"/>
  <testcase name="emPrice" time="0.501" classname="tec.Accu4x.Suite.OrderFlow"/>
  <testcase name="emPrice" time="0.500" classname="tec.Accu4x.Suite.OrderFlow"/>
  <testcase name="emPrice" time="0.500" classname="tec.Accu4x.Suite.OrderFlow"/>
  <testcase name="emPrice" time="0.501" classname="tec.Accu4x.Suite.OrderFlow"/>
  <testcase name="emPrice" time="0.500" classname="tec.Accu4x.Suite.OrderFlow"/>
  <testcase name="emPrice" time="0.500" classname="tec.Accu4x.Suite.OrderFlow"/>
  <testcase name="emPrice" time="0.500" classname="tec.Accu4x.Suite.OrderFlow"/>
  <testcase name="emPrice" time="0.501" classname="tec.Accu4x.Suite.OrderFlow"/>
  <testcase name="emPrice" time="0.500" classname="tec.Accu4x.Suite.OrderFlow"/>
  <testcase name="emPrice" time="0.501" classname="tec.Accu4x.Suite.OrderFlow"/>
  <testcase name="emPrice" time="0.500" classname="tec.Accu4x.Suite.OrderFlow"/>
  <testcase name="emPrice" time="0.501" classname="tec.Accu4x.Suite.OrderFlow"/>
  <testcase name="emPrice" time="0.501" classname="tec.Accu4x.Suite.OrderFlow"/>
  <testcase name="emPrice" time="0.500" classname="tec.Accu4x.Suite.OrderFlow"/>
  <testcase name="emPrice" time="0.503" classname="tec.Accu4x.Suite.OrderFlow"/>
  <testcase name="emPrice" time="0.502" classname="tec.Accu4x.Suite.OrderFlow"/>
  <testcase name="emPrice" time="0.501" classname="tec.Accu4x.Suite.OrderFlow"/>
  <testcase name="emPrice" time="0.500" classname="tec.Accu4x.Suite.OrderFlow"/>
  <testcase name="emPrice" time="0.500" classname="tec.Accu4x.Suite.OrderFlow"/>
  <testcase name="emPrice" time="0.500" classname="tec.Accu4x.Suite.OrderFlow"/>
  <testcase name="emPrice" time="0.501" classname="tec.Accu4x.Suite.OrderFlow"/>
  <testcase name="emPrice" time="0.502" classname="tec.Accu4x.Suite.OrderFlow"/>
  <testcase name="emPrice" time="261.331" classname="tec.Accu4x.Suite.OrderFlow">
    <failure type="org.openqa.selenium.NoSuchElementException" message="no such element
  (Session info: chrome=41.0.2272.118)
  (Driver info: chromedriver=2.9.248315,platform=Windows NT 6.1 SP1 x86) (WARNING: The server did not provide any stacktrace information)
Command duration or timeout: 30.05 seconds
For documentation on this error, please visit: http://seleniumhq.org/exceptions/no_such_element.html
Build info: version: &#039;2.40.0&#039;, revision: &#039;fbe29a9&#039;, time: &#039;2014-02-19 20:55:11&#039;
System info: host: &#039;TSPLMST08813&#039;, ip: &#039;192.168.1.178&#039;, os.name: &#039;Windows 7&#039;, os.arch: &#039;x86&#039;, os.version: &#039;6.1&#039;, java.version: &#039;1.7.0_45&#039;
Session ID: 5a1ca093abe1b89bab31514db0559da6
Driver info: org.openqa.selenium.chrome.ChromeDriver
Capabilities [{platform=XP, acceptSslCerts=true, javascriptEnabled=true, browserName=chrome, chrome={userDataDir=C:\Users\SUBRAH~1\AppData\Local\Temp\scoped_dir7644_5718}, rotatable=false, locationContextEnabled=true, version=41.0.2272.118, takesHeapSnapshot=true, cssSelectorsEnabled=true, databaseEnabled=false, handlesAlerts=true, browserConnectionEnabled=false, nativeEvents=true, webStorageEnabled=true, applicationCacheEnabled=false, takesScreenshot=true}]">
      <![CDATA[org.openqa.selenium.NoSuchElementException: no such element
  (Session info: chrome=41.0.2272.118)
  (Driver info: chromedriver=2.9.248315,platform=Windows NT 6.1 SP1 x86) (WARNING: The server did not provide any stacktrace information)
Command duration or timeout: 30.05 seconds
For documentation on this error, please visit: http://seleniumhq.org/exceptions/no_such_element.html
Build info: version: '2.40.0', revision: 'fbe29a9', time: '2014-02-19 20:55:11'
System info: host: 'TSPLMST08813', ip: '192.168.1.178', os.name: 'Windows 7', os.arch: 'x86', os.version: '6.1', java.version: '1.7.0_45'
Session ID: 5a1ca093abe1b89bab31514db0559da6
Driver info: org.openqa.selenium.chrome.ChromeDriver
Capabilities [{platform=XP, acceptSslCerts=true, javascriptEnabled=true, browserName=chrome, chrome={userDataDir=C:\Users\SUBRAH~1\AppData\Local\Temp\scoped_dir7644_5718}, rotatable=false, locationContextEnabled=true, version=41.0.2272.118, takesHeapSnapshot=true, cssSelectorsEnabled=true, databaseEnabled=false, handlesAlerts=true, browserConnectionEnabled=false, nativeEvents=true, webStorageEnabled=true, applicationCacheEnabled=false, takesScreenshot=true}]
	at sun.reflect.NativeConstructorAccessorImpl.newInstance0(Native Method)
	at sun.reflect.NativeConstructorAccessorImpl.newInstance(Unknown Source)
	at sun.reflect.DelegatingConstructorAccessorImpl.newInstance(Unknown Source)
	at java.lang.reflect.Constructor.newInstance(Unknown Source)
	at org.openqa.selenium.remote.ErrorHandler.createThrowable(ErrorHandler.java:193)
	at org.openqa.selenium.remote.ErrorHandler.throwIfResponseFailed(ErrorHandler.java:145)
	at org.openqa.selenium.remote.RemoteWebDriver.execute(RemoteWebDriver.java:573)
	at org.openqa.selenium.remote.RemoteWebDriver.findElement(RemoteWebDriver.java:326)
	at org.openqa.selenium.remote.RemoteWebDriver.findElementByXPath(RemoteWebDriver.java:423)
	at org.openqa.selenium.By$ByXPath.findElement(By.java:357)
	at org.openqa.selenium.remote.RemoteWebDriver.findElement(RemoteWebDriver.java:318)
	at tec.Accu4x.Suite.OrderFlow.emPrice(OrderFlow.java:580)
	at sun.reflect.NativeMethodAccessorImpl.invoke0(Native Method)
	at sun.reflect.NativeMethodAccessorImpl.invoke(Unknown Source)
	at sun.reflect.DelegatingMethodAccessorImpl.invoke(Unknown Source)
	at java.lang.reflect.Method.invoke(Unknown Source)
	at org.testng.internal.MethodInvocationHelper.invokeMethod(MethodInvocationHelper.java:84)
	at org.testng.internal.Invoker.invokeMethod(Invoker.java:714)
	at org.testng.internal.Invoker.invokeTestMethod(Invoker.java:901)
	at org.testng.internal.Invoker.invokeTestMethods(Invoker.java:1231)
	at org.testng.internal.TestMethodWorker.invokeTestMethods(TestMethodWorker.java:127)
	at org.testng.internal.TestMethodWorker.run(TestMethodWorker.java:111)
	at org.testng.TestRunner.privateRun(TestRunner.java:767)
	at org.testng.TestRunner.run(TestRunner.java:617)
	at org.testng.SuiteRunner.runTest(SuiteRunner.java:334)
	at org.testng.SuiteRunner.runSequentially(SuiteRunner.java:329)
	at org.testng.SuiteRunner.privateRun(SuiteRunner.java:291)
	at org.testng.SuiteRunner.run(SuiteRunner.java:240)
	at org.testng.SuiteRunnerWorker.runSuite(SuiteRunnerWorker.java:52)
	at org.testng.SuiteRunnerWorker.run(SuiteRunnerWorker.java:86)
	at org.testng.TestNG.runSuitesSequentially(TestNG.java:1224)
	at org.testng.TestNG.runSuitesLocally(TestNG.java:1149)
	at org.testng.TestNG.run(TestNG.java:1057)
	at org.testng.remote.RemoteTestNG.run(RemoteTestNG.java:111)
	at org.testng.remote.RemoteTestNG.initAndRun(RemoteTestNG.java:204)
	at org.testng.remote.RemoteTestNG.main(RemoteTestNG.java:175)
]]>
    </failure>
  </testcase> <!-- emPrice -->
  <testcase name="emPrice" time="0.500" classname="tec.Accu4x.Suite.OrderFlow"/>
  <testcase name="emPrice" time="0.500" classname="tec.Accu4x.Suite.OrderFlow"/>
  <testcase name="emPrice" time="0.500" classname="tec.Accu4x.Suite.OrderFlow"/>
  <testcase name="emPrice" time="0.501" classname="tec.Accu4x.Suite.OrderFlow"/>
  <testcase name="emPrice" time="0.500" classname="tec.Accu4x.Suite.OrderFlow"/>
  <testcase name="emPrice" time="0.502" classname="tec.Accu4x.Suite.OrderFlow"/>
  <testcase name="emPrice" time="0.502" classname="tec.Accu4x.Suite.OrderFlow"/>
  <testcase name="emPrice" time="0.500" classname="tec.Accu4x.Suite.OrderFlow"/>
  <testcase name="emPrice" time="0.501" classname="tec.Accu4x.Suite.OrderFlow"/>
  <testcase name="emPrice" time="0.501" classname="tec.Accu4x.Suite.OrderFlow"/>
  <testcase name="emPrice" time="0.500" classname="tec.Accu4x.Suite.OrderFlow"/>
  <testcase name="emPrice" time="0.501" classname="tec.Accu4x.Suite.OrderFlow"/>
  <testcase name="emPrice" time="0.501" classname="tec.Accu4x.Suite.OrderFlow"/>
  <testcase name="emPrice" time="0.501" classname="tec.Accu4x.Suite.OrderFlow"/>
  <testcase name="emPrice" time="0.501" classname="tec.Accu4x.Suite.OrderFlow"/>
</testsuite> <!-- tec.Accu4x.Suite.OrderFlow -->
